2022/11/08 06:23:53 [notice] 1#1: using the "epoll" event method
2022/11/08 06:23:53 [notice] 1#1: nginx/1.23.1
2022/11/08 06:23:53 [notice] 1#1: built by gcc 10.2.1 20210110 (Debian 10.2.1-6) 
2022/11/08 06:23:53 [notice] 1#1: OS: Linux 5.15.0-52-generic
2022/11/08 06:23:53 [notice] 1#1: getrlimit(RLIMIT_NOFILE): 1048576:1048576
2022/11/08 06:23:53 [notice] 1#1: start worker processes
2022/11/08 06:23:53 [notice] 1#1: start worker process 30
2022/11/08 06:23:53 [notice] 1#1: start worker process 31
2022/11/08 06:23:53 [notice] 1#1: start worker process 32
2022/11/08 06:23:53 [notice] 1#1: start worker process 33
2022/11/08 06:23:53 [notice] 1#1: start worker process 34
2022/11/08 06:23:53 [notice] 1#1: start worker process 35
2022/11/08 06:23:53 [notice] 1#1: start worker process 36
2022/11/08 06:23:53 [notice] 1#1: start worker process 37
2022/11/08 06:23:53 [notice] 1#1: start worker process 38
2022/11/08 06:23:53 [notice] 1#1: start worker process 39
2022/11/08 06:23:53 [notice] 1#1: start worker process 40
2022/11/08 06:23:53 [notice] 1#1: start worker process 41
2022/11/08 06:37:40 [notice] 1#1: signal 3 (SIGQUIT) received, shutting down
2022/11/08 06:37:40 [notice] 31#31: gracefully shutting down
2022/11/08 06:37:40 [notice] 30#30: gracefully shutting down
2022/11/08 06:37:40 [notice] 33#33: gracefully shutting down
2022/11/08 06:37:40 [notice] 31#31: exiting
2022/11/08 06:37:40 [notice] 30#30: exiting
2022/11/08 06:37:40 [notice] 33#33: exiting
2022/11/08 06:37:40 [notice] 37#37: gracefully shutting down
2022/11/08 06:37:40 [notice] 32#32: gracefully shutting down
2022/11/08 06:37:40 [notice] 35#35: gracefully shutting down
2022/11/08 06:37:40 [notice] 39#39: gracefully shutting down
2022/11/08 06:37:40 [notice] 36#36: gracefully shutting down
2022/11/08 06:37:40 [notice] 34#34: gracefully shutting down
2022/11/08 06:37:40 [notice] 38#38: gracefully shutting down
2022/11/08 06:37:40 [notice] 40#40: gracefully shutting down
2022/11/08 06:37:40 [notice] 37#37: exiting
2022/11/08 06:37:40 [notice] 31#31: exit
2022/11/08 06:37:40 [notice] 30#30: exit
2022/11/08 06:37:40 [notice] 33#33: exit
2022/11/08 06:37:40 [notice] 32#32: exiting
2022/11/08 06:37:40 [notice] 35#35: exiting
2022/11/08 06:37:40 [notice] 39#39: exiting
2022/11/08 06:37:40 [notice] 36#36: exiting
2022/11/08 06:37:40 [notice] 34#34: exiting
2022/11/08 06:37:40 [notice] 38#38: exiting
2022/11/08 06:37:40 [notice] 40#40: exiting
2022/11/08 06:37:40 [notice] 37#37: exit
2022/11/08 06:37:40 [notice] 35#35: exit
2022/11/08 06:37:40 [notice] 32#32: exit
2022/11/08 06:37:40 [notice] 39#39: exit
2022/11/08 06:37:40 [notice] 36#36: exit
2022/11/08 06:37:40 [notice] 40#40: exit
2022/11/08 06:37:40 [notice] 34#34: exit
2022/11/08 06:37:40 [notice] 38#38: exit
2022/11/08 06:37:40 [notice] 41#41: gracefully shutting down
2022/11/08 06:37:40 [notice] 41#41: exiting
2022/11/08 06:37:40 [notice] 41#41: exit
2022/11/08 06:37:40 [notice] 1#1: signal 17 (SIGCHLD) received from 38
2022/11/08 06:37:40 [notice] 1#1: worker process 38 exited with code 0
2022/11/08 06:37:40 [notice] 1#1: signal 29 (SIGIO) received
2022/11/08 06:37:40 [notice] 1#1: signal 17 (SIGCHLD) received from 33
2022/11/08 06:37:40 [notice] 1#1: worker process 33 exited with code 0
2022/11/08 06:37:40 [notice] 1#1: worker process 36 exited with code 0
2022/11/08 06:37:40 [notice] 1#1: worker process 39 exited with code 0
2022/11/08 06:37:40 [notice] 1#1: signal 29 (SIGIO) received
2022/11/08 06:37:40 [notice] 1#1: signal 17 (SIGCHLD) received from 39
2022/11/08 06:37:40 [notice] 1#1: signal 17 (SIGCHLD) received from 34
2022/11/08 06:37:40 [notice] 1#1: worker process 34 exited with code 0
2022/11/08 06:37:40 [notice] 1#1: signal 29 (SIGIO) received
2022/11/08 06:37:40 [notice] 1#1: signal 17 (SIGCHLD) received from 35
2022/11/08 06:37:40 [notice] 1#1: worker process 35 exited with code 0
2022/11/08 06:37:40 [notice] 1#1: worker process 37 exited with code 0
2022/11/08 06:37:40 [notice] 1#1: signal 29 (SIGIO) received
2022/11/08 06:37:40 [notice] 1#1: signal 17 (SIGCHLD) received from 32
2022/11/08 06:37:40 [notice] 1#1: worker process 32 exited with code 0
2022/11/08 06:37:40 [notice] 1#1: worker process 40 exited with code 0
2022/11/08 06:37:40 [notice] 1#1: worker process 41 exited with code 0
2022/11/08 06:37:40 [notice] 1#1: signal 29 (SIGIO) received
2022/11/08 06:37:40 [notice] 1#1: signal 17 (SIGCHLD) received from 40
2022/11/08 06:37:40 [notice] 1#1: signal 17 (SIGCHLD) received from 30
2022/11/08 06:37:40 [notice] 1#1: worker process 30 exited with code 0
2022/11/08 06:37:40 [notice] 1#1: signal 17 (SIGCHLD) received from 31
2022/11/08 06:37:40 [notice] 1#1: worker process 31 exited with code 0
2022/11/08 06:37:40 [notice] 1#1: exit
2022/11/08 07:02:21 [notice] 1#1: using the "epoll" event method
2022/11/08 07:02:21 [notice] 1#1: nginx/1.23.1
2022/11/08 07:02:21 [notice] 1#1: built by gcc 10.2.1 20210110 (Debian 10.2.1-6) 
2022/11/08 07:02:21 [notice] 1#1: OS: Linux 5.15.0-52-generic
2022/11/08 07:02:21 [notice] 1#1: getrlimit(RLIMIT_NOFILE): 1048576:1048576
2022/11/08 07:02:21 [notice] 1#1: start worker processes
2022/11/08 07:02:21 [notice] 1#1: start worker process 30
2022/11/08 07:02:21 [notice] 1#1: start worker process 31
2022/11/08 07:02:21 [notice] 1#1: start worker process 32
2022/11/08 07:02:21 [notice] 1#1: start worker process 33
2022/11/08 07:02:21 [notice] 1#1: start worker process 34
2022/11/08 07:02:21 [notice] 1#1: start worker process 35
2022/11/08 07:02:21 [notice] 1#1: start worker process 36
2022/11/08 07:02:21 [notice] 1#1: start worker process 37
2022/11/08 07:02:21 [notice] 1#1: start worker process 38
2022/11/08 07:02:21 [notice] 1#1: start worker process 39
2022/11/08 07:02:21 [notice] 1#1: start worker process 40
2022/11/08 07:02:21 [notice] 1#1: start worker process 41
2022/11/08 07:06:17 [notice] 1#1: signal 3 (SIGQUIT) received, shutting down
2022/11/08 07:06:17 [notice] 31#31: gracefully shutting down
2022/11/08 07:06:17 [notice] 30#30: gracefully shutting down
2022/11/08 07:06:17 [notice] 34#34: gracefully shutting down
2022/11/08 07:06:17 [notice] 32#32: gracefully shutting down
2022/11/08 07:06:17 [notice] 35#35: gracefully shutting down
2022/11/08 07:06:17 [notice] 36#36: gracefully shutting down
2022/11/08 07:06:17 [notice] 31#31: exiting
2022/11/08 07:06:17 [notice] 37#37: gracefully shutting down
2022/11/08 07:06:17 [notice] 32#32: exiting
2022/11/08 07:06:17 [notice] 30#30: exiting
2022/11/08 07:06:17 [notice] 38#38: gracefully shutting down
2022/11/08 07:06:17 [notice] 41#41: gracefully shutting down
2022/11/08 07:06:17 [notice] 34#34: exiting
2022/11/08 07:06:17 [notice] 33#33: gracefully shutting down
2022/11/08 07:06:17 [notice] 39#39: gracefully shutting down
2022/11/08 07:06:17 [notice] 36#36: exiting
2022/11/08 07:06:17 [notice] 35#35: exiting
2022/11/08 07:06:17 [notice] 37#37: exiting
2022/11/08 07:06:17 [notice] 38#38: exiting
2022/11/08 07:06:17 [notice] 32#32: exit
2022/11/08 07:06:17 [notice] 41#41: exiting
2022/11/08 07:06:17 [notice] 31#31: exit
2022/11/08 07:06:17 [notice] 33#33: exiting
2022/11/08 07:06:17 [notice] 30#30: exit
2022/11/08 07:06:17 [notice] 39#39: exiting
2022/11/08 07:06:17 [notice] 34#34: exit
2022/11/08 07:06:17 [notice] 36#36: exit
2022/11/08 07:06:17 [notice] 37#37: exit
2022/11/08 07:06:17 [notice] 35#35: exit
2022/11/08 07:06:17 [notice] 38#38: exit
2022/11/08 07:06:17 [notice] 33#33: exit
2022/11/08 07:06:17 [notice] 41#41: exit
2022/11/08 07:06:17 [notice] 39#39: exit
2022/11/08 07:06:17 [notice] 40#40: gracefully shutting down
2022/11/08 07:06:17 [notice] 40#40: exiting
2022/11/08 07:06:17 [notice] 40#40: exit
2022/11/08 07:06:17 [notice] 1#1: signal 17 (SIGCHLD) received from 40
2022/11/08 07:06:17 [notice] 1#1: worker process 36 exited with code 0
2022/11/08 07:06:17 [notice] 1#1: worker process 40 exited with code 0
2022/11/08 07:06:17 [notice] 1#1: signal 29 (SIGIO) received
2022/11/08 07:06:17 [notice] 1#1: signal 17 (SIGCHLD) received from 36
2022/11/08 07:06:17 [notice] 1#1: signal 17 (SIGCHLD) received from 31
2022/11/08 07:06:17 [notice] 1#1: worker process 31 exited with code 0
2022/11/08 07:06:17 [notice] 1#1: worker process 39 exited with code 0
2022/11/08 07:06:17 [notice] 1#1: signal 29 (SIGIO) received
2022/11/08 07:06:17 [notice] 1#1: signal 17 (SIGCHLD) received from 39
2022/11/08 07:06:17 [notice] 1#1: worker process 32 exited with code 0
2022/11/08 07:06:17 [notice] 1#1: signal 29 (SIGIO) received
2022/11/08 07:06:17 [notice] 1#1: signal 17 (SIGCHLD) received from 33
2022/11/08 07:06:17 [notice] 1#1: worker process 33 exited with code 0
2022/11/08 07:06:17 [notice] 1#1: worker process 38 exited with code 0
2022/11/08 07:06:17 [notice] 1#1: signal 29 (SIGIO) received
2022/11/08 07:06:17 [notice] 1#1: signal 17 (SIGCHLD) received from 38
2022/11/08 07:06:17 [notice] 1#1: worker process 30 exited with code 0
2022/11/08 07:06:17 [notice] 1#1: signal 29 (SIGIO) received
2022/11/08 07:06:17 [notice] 1#1: signal 17 (SIGCHLD) received from 34
2022/11/08 07:06:17 [notice] 1#1: worker process 34 exited with code 0
2022/11/08 07:06:17 [notice] 1#1: signal 29 (SIGIO) received
2022/11/08 07:06:17 [notice] 1#1: signal 17 (SIGCHLD) received from 37
2022/11/08 07:06:17 [notice] 1#1: worker process 37 exited with code 0
2022/11/08 07:06:17 [notice] 1#1: signal 29 (SIGIO) received
2022/11/08 07:06:17 [notice] 1#1: signal 17 (SIGCHLD) received from 41
2022/11/08 07:06:17 [notice] 1#1: worker process 41 exited with code 0
2022/11/08 07:06:17 [notice] 1#1: signal 29 (SIGIO) received
2022/11/08 07:06:17 [notice] 1#1: signal 17 (SIGCHLD) received from 35
2022/11/08 07:06:17 [notice] 1#1: worker process 35 exited with code 0
2022/11/08 07:06:17 [notice] 1#1: exit
2022/11/08 07:13:11 [notice] 1#1: using the "epoll" event method
2022/11/08 07:13:11 [notice] 1#1: nginx/1.23.1
2022/11/08 07:13:11 [notice] 1#1: built by gcc 10.2.1 20210110 (Debian 10.2.1-6) 
2022/11/08 07:13:11 [notice] 1#1: OS: Linux 5.15.0-52-generic
2022/11/08 07:13:11 [notice] 1#1: getrlimit(RLIMIT_NOFILE): 1048576:1048576
2022/11/08 07:13:11 [notice] 1#1: start worker processes
2022/11/08 07:13:11 [notice] 1#1: start worker process 30
2022/11/08 07:13:11 [notice] 1#1: start worker process 31
2022/11/08 07:13:11 [notice] 1#1: start worker process 32
2022/11/08 07:13:11 [notice] 1#1: start worker process 33
2022/11/08 07:13:11 [notice] 1#1: start worker process 34
2022/11/08 07:13:11 [notice] 1#1: start worker process 35
2022/11/08 07:13:11 [notice] 1#1: start worker process 36
2022/11/08 07:13:11 [notice] 1#1: start worker process 37
2022/11/08 07:13:11 [notice] 1#1: start worker process 38
2022/11/08 07:13:11 [notice] 1#1: start worker process 39
2022/11/08 07:13:11 [notice] 1#1: start worker process 40
2022/11/08 07:13:11 [notice] 1#1: start worker process 41
2022/11/08 13:00:50 [notice] 1#1: signal 3 (SIGQUIT) received, shutting down
2022/11/08 13:00:50 [notice] 30#30: gracefully shutting down
2022/11/08 13:00:50 [notice] 33#33: gracefully shutting down
2022/11/08 13:00:50 [notice] 32#32: gracefully shutting down
2022/11/08 13:00:50 [notice] 34#34: gracefully shutting down
2022/11/08 13:00:50 [notice] 35#35: gracefully shutting down
2022/11/08 13:00:50 [notice] 30#30: exiting
2022/11/08 13:00:50 [notice] 41#41: gracefully shutting down
2022/11/08 13:00:50 [notice] 32#32: exiting
2022/11/08 13:00:50 [notice] 34#34: exiting
2022/11/08 13:00:50 [notice] 36#36: gracefully shutting down
2022/11/08 13:00:50 [notice] 41#41: exiting
2022/11/08 13:00:50 [notice] 31#31: gracefully shutting down
2022/11/08 13:00:50 [notice] 30#30: exit
2022/11/08 13:00:50 [notice] 32#32: exit
2022/11/08 13:00:50 [notice] 34#34: exit
2022/11/08 13:00:50 [notice] 39#39: gracefully shutting down
2022/11/08 13:00:50 [notice] 41#41: exit
2022/11/08 13:00:50 [notice] 31#31: exiting
2022/11/08 13:00:50 [notice] 33#33: exiting
2022/11/08 13:00:50 [notice] 31#31: exit
2022/11/08 13:00:50 [notice] 33#33: exit
2022/11/08 13:00:50 [notice] 37#37: gracefully shutting down
2022/11/08 13:00:50 [notice] 37#37: exiting
2022/11/08 13:00:50 [notice] 35#35: exiting
2022/11/08 13:00:50 [notice] 37#37: exit
2022/11/08 13:00:50 [notice] 35#35: exit
2022/11/08 13:00:50 [notice] 36#36: exiting
2022/11/08 13:00:50 [notice] 36#36: exit
2022/11/08 13:00:50 [notice] 38#38: gracefully shutting down
2022/11/08 13:00:50 [notice] 40#40: gracefully shutting down
2022/11/08 13:00:50 [notice] 39#39: exiting
2022/11/08 13:00:50 [notice] 38#38: exiting
2022/11/08 13:00:50 [notice] 40#40: exiting
2022/11/08 13:00:50 [notice] 39#39: exit
2022/11/08 13:00:50 [notice] 38#38: exit
2022/11/08 13:00:50 [notice] 40#40: exit
2022/11/08 13:00:50 [notice] 1#1: signal 17 (SIGCHLD) received from 40
2022/11/08 13:00:50 [notice] 1#1: worker process 40 exited with code 0
2022/11/08 13:00:50 [notice] 1#1: signal 29 (SIGIO) received
2022/11/08 13:00:50 [notice] 1#1: signal 17 (SIGCHLD) received from 32
2022/11/08 13:00:50 [notice] 1#1: worker process 32 exited with code 0
2022/11/08 13:00:50 [notice] 1#1: signal 29 (SIGIO) received
2022/11/08 13:00:50 [notice] 1#1: signal 17 (SIGCHLD) received from 41
2022/11/08 13:00:50 [notice] 1#1: worker process 41 exited with code 0
2022/11/08 13:00:50 [notice] 1#1: signal 29 (SIGIO) received
2022/11/08 13:00:50 [notice] 1#1: signal 17 (SIGCHLD) received from 37
2022/11/08 13:00:50 [notice] 1#1: worker process 37 exited with code 0
2022/11/08 13:00:50 [notice] 1#1: signal 29 (SIGIO) received
2022/11/08 13:00:50 [notice] 1#1: signal 17 (SIGCHLD) received from 31
2022/11/08 13:00:50 [notice] 1#1: worker process 31 exited with code 0
2022/11/08 13:00:50 [notice] 1#1: signal 29 (SIGIO) received
2022/11/08 13:00:50 [notice] 1#1: signal 17 (SIGCHLD) received from 38
2022/11/08 13:00:50 [notice] 1#1: worker process 38 exited with code 0
2022/11/08 13:00:50 [notice] 1#1: signal 29 (SIGIO) received
2022/11/08 13:00:50 [notice] 1#1: signal 17 (SIGCHLD) received from 34
2022/11/08 13:00:50 [notice] 1#1: worker process 34 exited with code 0
2022/11/08 13:00:50 [notice] 1#1: worker process 36 exited with code 0
2022/11/08 13:00:50 [notice] 1#1: worker process 39 exited with code 0
2022/11/08 13:00:50 [notice] 1#1: signal 29 (SIGIO) received
2022/11/08 13:00:50 [notice] 1#1: signal 17 (SIGCHLD) received from 39
2022/11/08 13:00:50 [notice] 1#1: signal 17 (SIGCHLD) received from 33
2022/11/08 13:00:50 [notice] 1#1: worker process 33 exited with code 0
2022/11/08 13:00:50 [notice] 1#1: signal 29 (SIGIO) received
2022/11/08 13:00:50 [notice] 1#1: signal 17 (SIGCHLD) received from 30
2022/11/08 13:00:50 [notice] 1#1: worker process 30 exited with code 0
2022/11/08 13:00:50 [notice] 1#1: worker process 35 exited with code 0
2022/11/08 13:00:50 [notice] 1#1: exit
2022/11/13 11:45:30 [notice] 1#1: using the "epoll" event method
2022/11/13 11:45:30 [notice] 1#1: nginx/1.23.1
2022/11/13 11:45:30 [notice] 1#1: built by gcc 10.2.1 20210110 (Debian 10.2.1-6) 
2022/11/13 11:45:30 [notice] 1#1: OS: Linux 5.15.0-52-generic
2022/11/13 11:45:30 [notice] 1#1: getrlimit(RLIMIT_NOFILE): 1048576:1048576
2022/11/13 11:45:30 [notice] 1#1: start worker processes
2022/11/13 11:45:30 [notice] 1#1: start worker process 30
2022/11/13 11:45:30 [notice] 1#1: start worker process 31
2022/11/13 11:45:30 [notice] 1#1: start worker process 32
2022/11/13 11:45:30 [notice] 1#1: start worker process 33
2022/11/13 11:45:30 [notice] 1#1: start worker process 34
2022/11/13 11:45:30 [notice] 1#1: start worker process 35
2022/11/13 11:45:30 [notice] 1#1: start worker process 36
2022/11/13 11:45:30 [notice] 1#1: start worker process 37
2022/11/13 11:45:30 [notice] 1#1: start worker process 38
2022/11/13 11:45:30 [notice] 1#1: start worker process 39
2022/11/13 11:45:30 [notice] 1#1: start worker process 40
2022/11/13 11:45:30 [notice] 1#1: start worker process 41
2022/11/13 11:49:09 [error] 30#30: *1 open() "/usr/share/nginx/html/favicon.ico" failed (2: No such file or directory), client: 172.19.0.1, server: localhost, request: "GET /favicon.ico HTTP/1.1", host: "localhost:8080", referrer: "http://localhost:8080/auth/auth.txt"
2022/11/13 11:49:15 [error] 31#31: *3 open() "/usr/share/nginx/html/css/top.css" failed (2: No such file or directory), client: 172.19.0.1, server: localhost, request: "GET /css/top.css HTTP/1.1", host: "localhost:8080", referrer: "http://localhost:8080/"
2022/11/13 11:49:15 [error] 31#31: *3 open() "/usr/share/nginx/html/icon/favicon.ico" failed (2: No such file or directory), client: 172.19.0.1, server: localhost, request: "GET /icon/favicon.ico HTTP/1.1", host: "localhost:8080", referrer: "http://localhost:8080/"
2022/11/13 11:49:21 [error] 31#31: *3 open() "/usr/share/nginx/html/favicon.ico" failed (2: No such file or directory), client: 172.19.0.1, server: localhost, request: "GET /favicon.ico HTTP/1.1", host: "localhost:8080", referrer: "http://localhost:8080/ap/"
2022/11/13 11:50:48 [error] 33#33: *9 open() "/usr/share/nginx/html/img/css/top.css" failed (2: No such file or directory), client: 172.19.0.1, server: localhost, request: "GET /img/css/top.css HTTP/1.1", host: "localhost:8080", referrer: "http://localhost:8080/img/"
2022/11/13 11:50:48 [error] 33#33: *9 open() "/usr/share/nginx/html/img/icon/favicon.ico" failed (2: No such file or directory), client: 172.19.0.1, server: localhost, request: "GET /img/icon/favicon.ico HTTP/1.1", host: "localhost:8080", referrer: "http://localhost:8080/img/"
2022/11/13 11:58:05 [error] 34#34: *10 "/usr/share/nginx/html/img/index.html" is not found (2: No such file or directory), client: 172.19.0.1, server: localhost, request: "GET /img/ HTTP/1.1", host: "localhost:8080"
2022/11/13 11:59:02 [error] 34#34: *10 open() "/usr/share/nginx/html/css/top.css" failed (2: No such file or directory), client: 172.19.0.1, server: localhost, request: "GET /css/top.css HTTP/1.1", host: "localhost:8080", referrer: "http://localhost:8080/"
2022/11/13 11:59:07 [error] 34#34: *10 "/usr/share/nginx/html/img/index.html" is not found (2: No such file or directory), client: 172.19.0.1, server: localhost, request: "GET /img/ HTTP/1.1", host: "localhost:8080"
2022/11/13 12:06:11 [notice] 1#1: signal 3 (SIGQUIT) received, shutting down
2022/11/13 12:06:11 [notice] 30#30: gracefully shutting down
2022/11/13 12:06:11 [notice] 31#31: gracefully shutting down
2022/11/13 12:06:11 [notice] 32#32: gracefully shutting down
2022/11/13 12:06:11 [notice] 33#33: gracefully shutting down
2022/11/13 12:06:11 [notice] 30#30: exiting
2022/11/13 12:06:11 [notice] 34#34: gracefully shutting down
2022/11/13 12:06:11 [notice] 35#35: gracefully shutting down
2022/11/13 12:06:11 [notice] 37#37: gracefully shutting down
2022/11/13 12:06:11 [notice] 38#38: gracefully shutting down
2022/11/13 12:06:11 [notice] 36#36: gracefully shutting down
2022/11/13 12:06:11 [notice] 41#41: gracefully shutting down
2022/11/13 12:06:11 [notice] 31#31: exiting
2022/11/13 12:06:11 [notice] 32#32: exiting
2022/11/13 12:06:11 [notice] 33#33: exiting
2022/11/13 12:06:11 [notice] 30#30: exit
2022/11/13 12:06:11 [notice] 36#36: exiting
2022/11/13 12:06:11 [notice] 34#34: exiting
2022/11/13 12:06:11 [notice] 35#35: exiting
2022/11/13 12:06:11 [notice] 37#37: exiting
2022/11/13 12:06:11 [notice] 38#38: exiting
2022/11/13 12:06:11 [notice] 41#41: exiting
2022/11/13 12:06:11 [notice] 32#32: exit
2022/11/13 12:06:11 [notice] 31#31: exit
2022/11/13 12:06:11 [notice] 36#36: exit
2022/11/13 12:06:11 [notice] 33#33: exit
2022/11/13 12:06:11 [notice] 34#34: exit
2022/11/13 12:06:11 [notice] 37#37: exit
2022/11/13 12:06:11 [notice] 35#35: exit
2022/11/13 12:06:11 [notice] 38#38: exit
2022/11/13 12:06:11 [notice] 41#41: exit
2022/11/13 12:06:11 [notice] 40#40: gracefully shutting down
2022/11/13 12:06:11 [notice] 40#40: exiting
2022/11/13 12:06:11 [notice] 40#40: exit
2022/11/13 12:06:11 [notice] 39#39: gracefully shutting down
2022/11/13 12:06:11 [notice] 39#39: exiting
2022/11/13 12:06:11 [notice] 39#39: exit
2022/11/13 12:06:12 [notice] 1#1: signal 17 (SIGCHLD) received from 41
2022/11/13 12:06:12 [notice] 1#1: worker process 34 exited with code 0
2022/11/13 12:06:12 [notice] 1#1: worker process 41 exited with code 0
2022/11/13 12:06:12 [notice] 1#1: signal 29 (SIGIO) received
2022/11/13 12:06:12 [notice] 1#1: signal 17 (SIGCHLD) received from 34
2022/11/13 12:06:12 [notice] 1#1: signal 17 (SIGCHLD) received from 36
2022/11/13 12:06:12 [notice] 1#1: worker process 35 exited with code 0
2022/11/13 12:06:12 [notice] 1#1: worker process 36 exited with code 0
2022/11/13 12:06:12 [notice] 1#1: signal 29 (SIGIO) received
2022/11/13 12:06:12 [notice] 1#1: signal 17 (SIGCHLD) received from 35
2022/11/13 12:06:12 [notice] 1#1: signal 17 (SIGCHLD) received from 33
2022/11/13 12:06:12 [notice] 1#1: worker process 33 exited with code 0
2022/11/13 12:06:12 [notice] 1#1: worker process 31 exited with code 0
2022/11/13 12:06:12 [notice] 1#1: signal 29 (SIGIO) received
2022/11/13 12:06:12 [notice] 1#1: signal 17 (SIGCHLD) received from 31
2022/11/13 12:06:12 [notice] 1#1: signal 17 (SIGCHLD) received from 38
2022/11/13 12:06:12 [notice] 1#1: worker process 38 exited with code 0
2022/11/13 12:06:12 [notice] 1#1: worker process 40 exited with code 0
2022/11/13 12:06:12 [notice] 1#1: signal 29 (SIGIO) received
2022/11/13 12:06:12 [notice] 1#1: signal 17 (SIGCHLD) received from 40
2022/11/13 12:06:12 [notice] 1#1: worker process 39 exited with code 0
2022/11/13 12:06:12 [notice] 1#1: signal 29 (SIGIO) received
2022/11/13 12:06:12 [notice] 1#1: signal 17 (SIGCHLD) received from 39
2022/11/13 12:06:12 [notice] 1#1: worker process 37 exited with code 0
2022/11/13 12:06:12 [notice] 1#1: worker process 32 exited with code 0
2022/11/13 12:06:12 [notice] 1#1: signal 29 (SIGIO) received
2022/11/13 12:06:12 [notice] 1#1: signal 17 (SIGCHLD) received from 32
2022/11/13 12:06:12 [notice] 1#1: signal 17 (SIGCHLD) received from 30
2022/11/13 12:06:12 [notice] 1#1: worker process 30 exited with code 0
2022/11/13 12:06:12 [notice] 1#1: exit
2022/11/13 12:06:54 [notice] 1#1: using the "epoll" event method
2022/11/13 12:06:54 [notice] 1#1: nginx/1.23.1
2022/11/13 12:06:54 [notice] 1#1: built by gcc 10.2.1 20210110 (Debian 10.2.1-6) 
2022/11/13 12:06:54 [notice] 1#1: OS: Linux 5.15.0-52-generic
2022/11/13 12:06:54 [notice] 1#1: getrlimit(RLIMIT_NOFILE): 1048576:1048576
2022/11/13 12:06:54 [notice] 1#1: start worker processes
2022/11/13 12:06:54 [notice] 1#1: start worker process 30
2022/11/13 12:06:54 [notice] 1#1: start worker process 31
2022/11/13 12:06:54 [notice] 1#1: start worker process 32
2022/11/13 12:06:54 [notice] 1#1: start worker process 33
2022/11/13 12:06:54 [notice] 1#1: start worker process 34
2022/11/13 12:06:54 [notice] 1#1: start worker process 35
2022/11/13 12:06:54 [notice] 1#1: start worker process 36
2022/11/13 12:06:54 [notice] 1#1: start worker process 37
2022/11/13 12:06:54 [notice] 1#1: start worker process 38
2022/11/13 12:06:54 [notice] 1#1: start worker process 39
2022/11/13 12:06:54 [notice] 1#1: start worker process 40
2022/11/13 12:06:54 [notice] 1#1: start worker process 41
2022/11/13 12:07:01 [error] 30#30: *1 open() "/usr/share/nginx/html/img/css/top.css" failed (2: No such file or directory), client: 172.19.0.1, server: localhost, request: "GET /img/css/top.css HTTP/1.1", host: "localhost:8080", referrer: "http://localhost:8080/img/"
2022/11/13 12:07:14 [error] 30#30: *1 open() "/usr/share/nginx/html/img/css/top.css" failed (2: No such file or directory), client: 172.19.0.1, server: localhost, request: "GET /img/css/top.css HTTP/1.1", host: "localhost:8080", referrer: "http://localhost:8080/img/"
2022/11/13 12:08:27 [notice] 1#1: signal 3 (SIGQUIT) received, shutting down
2022/11/13 12:08:27 [notice] 30#30: gracefully shutting down
2022/11/13 12:08:27 [notice] 32#32: gracefully shutting down
2022/11/13 12:08:27 [notice] 31#31: gracefully shutting down
2022/11/13 12:08:27 [notice] 35#35: gracefully shutting down
2022/11/13 12:08:27 [notice] 32#32: exiting
2022/11/13 12:08:27 [notice] 38#38: gracefully shutting down
2022/11/13 12:08:27 [notice] 31#31: exiting
2022/11/13 12:08:27 [notice] 35#35: exiting
2022/11/13 12:08:27 [notice] 36#36: gracefully shutting down
2022/11/13 12:08:27 [notice] 34#34: gracefully shutting down
2022/11/13 12:08:27 [notice] 33#33: gracefully shutting down
2022/11/13 12:08:27 [notice] 37#37: gracefully shutting down
2022/11/13 12:08:27 [notice] 38#38: exiting
2022/11/13 12:08:27 [notice] 36#36: exiting
2022/11/13 12:08:27 [notice] 31#31: exit
2022/11/13 12:08:27 [notice] 32#32: exit
2022/11/13 12:08:27 [notice] 34#34: exiting
2022/11/13 12:08:27 [notice] 35#35: exit
2022/11/13 12:08:27 [notice] 33#33: exiting
2022/11/13 12:08:27 [notice] 37#37: exiting
2022/11/13 12:08:27 [notice] 30#30: exiting
2022/11/13 12:08:27 [notice] 38#38: exit
2022/11/13 12:08:27 [notice] 36#36: exit
2022/11/13 12:08:27 [notice] 34#34: exit
2022/11/13 12:08:27 [notice] 30#30: exit
2022/11/13 12:08:27 [notice] 37#37: exit
2022/11/13 12:08:27 [notice] 33#33: exit
2022/11/13 12:08:27 [notice] 40#40: gracefully shutting down
2022/11/13 12:08:27 [notice] 40#40: exiting
2022/11/13 12:08:27 [notice] 39#39: gracefully shutting down
2022/11/13 12:08:27 [notice] 41#41: gracefully shutting down
2022/11/13 12:08:27 [notice] 39#39: exiting
2022/11/13 12:08:27 [notice] 41#41: exiting
2022/11/13 12:08:27 [notice] 40#40: exit
2022/11/13 12:08:27 [notice] 39#39: exit
2022/11/13 12:08:27 [notice] 41#41: exit
2022/11/13 12:08:27 [notice] 1#1: signal 17 (SIGCHLD) received from 35
2022/11/13 12:08:27 [notice] 1#1: worker process 35 exited with code 0
2022/11/13 12:08:27 [notice] 1#1: worker process 41 exited with code 0
2022/11/13 12:08:27 [notice] 1#1: signal 29 (SIGIO) received
2022/11/13 12:08:27 [notice] 1#1: signal 17 (SIGCHLD) received from 41
2022/11/13 12:08:27 [notice] 1#1: worker process 31 exited with code 0
2022/11/13 12:08:27 [notice] 1#1: signal 29 (SIGIO) received
2022/11/13 12:08:27 [notice] 1#1: signal 17 (SIGCHLD) received from 36
2022/11/13 12:08:27 [notice] 1#1: worker process 36 exited with code 0
2022/11/13 12:08:27 [notice] 1#1: signal 29 (SIGIO) received
2022/11/13 12:08:27 [notice] 1#1: signal 17 (SIGCHLD) received from 40
2022/11/13 12:08:27 [notice] 1#1: worker process 40 exited with code 0
2022/11/13 12:08:27 [notice] 1#1: signal 29 (SIGIO) received
2022/11/13 12:08:27 [notice] 1#1: signal 17 (SIGCHLD) received from 33
2022/11/13 12:08:27 [notice] 1#1: worker process 33 exited with code 0
2022/11/13 12:08:27 [notice] 1#1: signal 29 (SIGIO) received
2022/11/13 12:08:28 [notice] 1#1: signal 17 (SIGCHLD) received from 37
2022/11/13 12:08:28 [notice] 1#1: worker process 37 exited with code 0
2022/11/13 12:08:28 [notice] 1#1: signal 29 (SIGIO) received
2022/11/13 12:08:28 [notice] 1#1: signal 17 (SIGCHLD) received from 38
2022/11/13 12:08:28 [notice] 1#1: worker process 38 exited with code 0
2022/11/13 12:08:28 [notice] 1#1: worker process 39 exited with code 0
2022/11/13 12:08:28 [notice] 1#1: signal 29 (SIGIO) received
2022/11/13 12:08:28 [notice] 1#1: signal 17 (SIGCHLD) received from 32
2022/11/13 12:08:28 [notice] 1#1: worker process 32 exited with code 0
2022/11/13 12:08:28 [notice] 1#1: signal 29 (SIGIO) received
2022/11/13 12:08:28 [notice] 1#1: signal 17 (SIGCHLD) received from 30
2022/11/13 12:08:28 [notice] 1#1: worker process 30 exited with code 0
2022/11/13 12:08:28 [notice] 1#1: signal 29 (SIGIO) received
2022/11/13 12:08:28 [notice] 1#1: signal 17 (SIGCHLD) received from 34
2022/11/13 12:08:28 [notice] 1#1: worker process 34 exited with code 0
2022/11/13 12:08:28 [notice] 1#1: exit
2022/11/13 12:08:52 [notice] 1#1: using the "epoll" event method
2022/11/13 12:08:52 [notice] 1#1: nginx/1.23.1
2022/11/13 12:08:52 [notice] 1#1: built by gcc 10.2.1 20210110 (Debian 10.2.1-6) 
2022/11/13 12:08:52 [notice] 1#1: OS: Linux 5.15.0-52-generic
2022/11/13 12:08:52 [notice] 1#1: getrlimit(RLIMIT_NOFILE): 1048576:1048576
2022/11/13 12:08:52 [notice] 1#1: start worker processes
2022/11/13 12:08:52 [notice] 1#1: start worker process 30
2022/11/13 12:08:52 [notice] 1#1: start worker process 31
2022/11/13 12:08:52 [notice] 1#1: start worker process 32
2022/11/13 12:08:52 [notice] 1#1: start worker process 33
2022/11/13 12:08:52 [notice] 1#1: start worker process 34
2022/11/13 12:08:52 [notice] 1#1: start worker process 35
2022/11/13 12:08:52 [notice] 1#1: start worker process 36
2022/11/13 12:08:52 [notice] 1#1: start worker process 37
2022/11/13 12:08:52 [notice] 1#1: start worker process 38
2022/11/13 12:08:52 [notice] 1#1: start worker process 39
2022/11/13 12:08:52 [notice] 1#1: start worker process 40
2022/11/13 12:08:52 [notice] 1#1: start worker process 41
2022/11/13 12:11:31 [error] 33#33: *6 open() "/usr/share/nginx/html/css/top.css" failed (2: No such file or directory), client: 172.19.0.1, server: localhost, request: "GET /css/top.css HTTP/1.1", host: "localhost:8080", referrer: "http://localhost:8080/"
2022/11/13 12:11:44 [error] 33#33: *6 open() "/usr/share/nginx/html/img/css/top.css" failed (2: No such file or directory), client: 172.19.0.1, server: localhost, request: "GET /img/css/top.css HTTP/1.1", host: "localhost:8080", referrer: "http://localhost:8080/img/"
2022/11/13 12:13:27 [notice] 1#1: signal 3 (SIGQUIT) received, shutting down
2022/11/13 12:13:27 [notice] 30#30: gracefully shutting down
2022/11/13 12:13:27 [notice] 31#31: gracefully shutting down
2022/11/13 12:13:27 [notice] 32#32: gracefully shutting down
2022/11/13 12:13:27 [notice] 33#33: gracefully shutting down
2022/11/13 12:13:27 [notice] 30#30: exiting
2022/11/13 12:13:27 [notice] 31#31: exiting
2022/11/13 12:13:27 [notice] 34#34: gracefully shutting down
2022/11/13 12:13:27 [notice] 32#32: exiting
2022/11/13 12:13:27 [notice] 35#35: gracefully shutting down
2022/11/13 12:13:27 [notice] 33#33: exiting
2022/11/13 12:13:27 [notice] 36#36: gracefully shutting down
2022/11/13 12:13:27 [notice] 37#37: gracefully shutting down
2022/11/13 12:13:27 [notice] 30#30: exit
2022/11/13 12:13:27 [notice] 31#31: exit
2022/11/13 12:13:27 [notice] 40#40: gracefully shutting down
2022/11/13 12:13:27 [notice] 38#38: gracefully shutting down
2022/11/13 12:13:27 [notice] 34#34: exiting
2022/11/13 12:13:27 [notice] 35#35: exiting
2022/11/13 12:13:27 [notice] 36#36: exiting
2022/11/13 12:13:27 [notice] 37#37: exiting
2022/11/13 12:13:27 [notice] 32#32: exit
2022/11/13 12:13:27 [notice] 40#40: exiting
2022/11/13 12:13:27 [notice] 33#33: exit
2022/11/13 12:13:27 [notice] 38#38: exiting
2022/11/13 12:13:27 [notice] 36#36: exit
2022/11/13 12:13:27 [notice] 37#37: exit
2022/11/13 12:13:27 [notice] 34#34: exit
2022/11/13 12:13:27 [notice] 35#35: exit
2022/11/13 12:13:27 [notice] 40#40: exit
2022/11/13 12:13:27 [notice] 38#38: exit
2022/11/13 12:13:27 [notice] 39#39: gracefully shutting down
2022/11/13 12:13:27 [notice] 39#39: exiting
2022/11/13 12:13:27 [notice] 39#39: exit
2022/11/13 12:13:27 [notice] 41#41: gracefully shutting down
2022/11/13 12:13:27 [notice] 41#41: exiting
2022/11/13 12:13:27 [notice] 41#41: exit
2022/11/13 12:13:27 [notice] 1#1: signal 17 (SIGCHLD) received from 41
2022/11/13 12:13:27 [notice] 1#1: worker process 40 exited with code 0
2022/11/13 12:13:27 [notice] 1#1: worker process 31 exited with code 0
2022/11/13 12:13:27 [notice] 1#1: worker process 41 exited with code 0
2022/11/13 12:13:27 [notice] 1#1: signal 29 (SIGIO) received
2022/11/13 12:13:27 [notice] 1#1: signal 17 (SIGCHLD) received from 31
2022/11/13 12:13:27 [notice] 1#1: signal 17 (SIGCHLD) received from 37
2022/11/13 12:13:27 [notice] 1#1: worker process 37 exited with code 0
2022/11/13 12:13:27 [notice] 1#1: worker process 38 exited with code 0
2022/11/13 12:13:27 [notice] 1#1: signal 29 (SIGIO) received
2022/11/13 12:13:27 [notice] 1#1: signal 17 (SIGCHLD) received from 38
2022/11/13 12:13:27 [notice] 1#1: signal 17 (SIGCHLD) received from 36
2022/11/13 12:13:27 [notice] 1#1: worker process 35 exited with code 0
2022/11/13 12:13:27 [notice] 1#1: worker process 36 exited with code 0
2022/11/13 12:13:27 [notice] 1#1: signal 29 (SIGIO) received
2022/11/13 12:13:27 [notice] 1#1: signal 17 (SIGCHLD) received from 32
2022/11/13 12:13:27 [notice] 1#1: worker process 32 exited with code 0
2022/11/13 12:13:27 [notice] 1#1: worker process 34 exited with code 0
2022/11/13 12:13:27 [notice] 1#1: signal 29 (SIGIO) received
2022/11/13 12:13:27 [notice] 1#1: signal 17 (SIGCHLD) received from 39
2022/11/13 12:13:27 [notice] 1#1: worker process 39 exited with code 0
2022/11/13 12:13:27 [notice] 1#1: signal 29 (SIGIO) received
2022/11/13 12:13:27 [notice] 1#1: signal 17 (SIGCHLD) received from 33
2022/11/13 12:13:27 [notice] 1#1: worker process 33 exited with code 0
2022/11/13 12:13:27 [notice] 1#1: signal 29 (SIGIO) received
2022/11/13 12:13:27 [notice] 1#1: signal 17 (SIGCHLD) received from 30
2022/11/13 12:13:27 [notice] 1#1: worker process 30 exited with code 0
2022/11/13 12:13:27 [notice] 1#1: exit
2022/11/13 12:13:43 [notice] 1#1: using the "epoll" event method
2022/11/13 12:13:43 [notice] 1#1: nginx/1.23.1
2022/11/13 12:13:43 [notice] 1#1: built by gcc 10.2.1 20210110 (Debian 10.2.1-6) 
2022/11/13 12:13:43 [notice] 1#1: OS: Linux 5.15.0-52-generic
2022/11/13 12:13:43 [notice] 1#1: getrlimit(RLIMIT_NOFILE): 1048576:1048576
2022/11/13 12:13:43 [notice] 1#1: start worker processes
2022/11/13 12:13:43 [notice] 1#1: start worker process 30
2022/11/13 12:13:43 [notice] 1#1: start worker process 31
2022/11/13 12:13:43 [notice] 1#1: start worker process 32
2022/11/13 12:13:43 [notice] 1#1: start worker process 33
2022/11/13 12:13:43 [notice] 1#1: start worker process 34
2022/11/13 12:13:43 [notice] 1#1: start worker process 35
2022/11/13 12:13:43 [notice] 1#1: start worker process 36
2022/11/13 12:13:43 [notice] 1#1: start worker process 37
2022/11/13 12:13:43 [notice] 1#1: start worker process 38
2022/11/13 12:13:43 [notice] 1#1: start worker process 39
2022/11/13 12:13:43 [notice] 1#1: start worker process 40
2022/11/13 12:13:43 [notice] 1#1: start worker process 41
2022/11/13 12:16:36 [error] 31#31: *6 open() "/usr/share/nginx/html/img/css/top.css" failed (2: No such file or directory), client: 172.19.0.1, server: localhost, request: "GET /img/css/top.css HTTP/1.1", host: "localhost:8080", referrer: "http://localhost:8080/img/"
2022/11/13 12:21:07 [notice] 1#1: signal 3 (SIGQUIT) received, shutting down
2022/11/13 12:21:07 [notice] 31#31: gracefully shutting down
2022/11/13 12:21:07 [notice] 33#33: gracefully shutting down
2022/11/13 12:21:07 [notice] 35#35: gracefully shutting down
2022/11/13 12:21:07 [notice] 30#30: gracefully shutting down
2022/11/13 12:21:07 [notice] 36#36: gracefully shutting down
2022/11/13 12:21:07 [notice] 33#33: exiting
2022/11/13 12:21:07 [notice] 34#34: gracefully shutting down
2022/11/13 12:21:07 [notice] 32#32: gracefully shutting down
2022/11/13 12:21:07 [notice] 35#35: exiting
2022/11/13 12:21:07 [notice] 38#38: gracefully shutting down
2022/11/13 12:21:07 [notice] 31#31: exiting
2022/11/13 12:21:07 [notice] 37#37: gracefully shutting down
2022/11/13 12:21:07 [notice] 40#40: gracefully shutting down
2022/11/13 12:21:07 [notice] 30#30: exiting
2022/11/13 12:21:07 [notice] 36#36: exiting
2022/11/13 12:21:07 [notice] 41#41: gracefully shutting down
2022/11/13 12:21:07 [notice] 39#39: gracefully shutting down
2022/11/13 12:21:07 [notice] 33#33: exit
2022/11/13 12:21:07 [notice] 34#34: exiting
2022/11/13 12:21:07 [notice] 32#32: exiting
2022/11/13 12:21:07 [notice] 38#38: exiting
2022/11/13 12:21:07 [notice] 37#37: exiting
2022/11/13 12:21:07 [notice] 40#40: exiting
2022/11/13 12:21:07 [notice] 35#35: exit
2022/11/13 12:21:07 [notice] 31#31: exit
2022/11/13 12:21:07 [notice] 41#41: exiting
2022/11/13 12:21:07 [notice] 30#30: exit
2022/11/13 12:21:07 [notice] 39#39: exiting
2022/11/13 12:21:07 [notice] 36#36: exit
2022/11/13 12:21:07 [notice] 38#38: exit
2022/11/13 12:21:07 [notice] 34#34: exit
2022/11/13 12:21:07 [notice] 32#32: exit
2022/11/13 12:21:07 [notice] 37#37: exit
2022/11/13 12:21:07 [notice] 40#40: exit
2022/11/13 12:21:07 [notice] 41#41: exit
2022/11/13 12:21:07 [notice] 39#39: exit
2022/11/13 12:21:07 [notice] 1#1: signal 17 (SIGCHLD) received from 33
2022/11/13 12:21:07 [notice] 1#1: worker process 33 exited with code 0
2022/11/13 12:21:07 [notice] 1#1: signal 29 (SIGIO) received
2022/11/13 12:21:07 [notice] 1#1: signal 17 (SIGCHLD) received from 35
2022/11/13 12:21:07 [notice] 1#1: worker process 35 exited with code 0
2022/11/13 12:21:07 [notice] 1#1: signal 29 (SIGIO) received
2022/11/13 12:21:07 [notice] 1#1: signal 17 (SIGCHLD) received from 36
2022/11/13 12:21:07 [notice] 1#1: worker process 36 exited with code 0
2022/11/13 12:21:07 [notice] 1#1: worker process 41 exited with code 0
2022/11/13 12:21:07 [notice] 1#1: signal 29 (SIGIO) received
2022/11/13 12:21:07 [notice] 1#1: signal 17 (SIGCHLD) received from 41
2022/11/13 12:21:07 [notice] 1#1: signal 17 (SIGCHLD) received from 40
2022/11/13 12:21:07 [notice] 1#1: worker process 31 exited with code 0
2022/11/13 12:21:07 [notice] 1#1: worker process 40 exited with code 0
2022/11/13 12:21:07 [notice] 1#1: signal 29 (SIGIO) received
2022/11/13 12:21:07 [notice] 1#1: signal 17 (SIGCHLD) received from 31
2022/11/13 12:21:07 [notice] 1#1: signal 17 (SIGCHLD) received from 39
2022/11/13 12:21:07 [notice] 1#1: worker process 39 exited with code 0
2022/11/13 12:21:07 [notice] 1#1: signal 29 (SIGIO) received
2022/11/13 12:21:07 [notice] 1#1: signal 17 (SIGCHLD) received from 32
2022/11/13 12:21:07 [notice] 1#1: worker process 30 exited with code 0
2022/11/13 12:21:07 [notice] 1#1: worker process 32 exited with code 0
2022/11/13 12:21:07 [notice] 1#1: signal 29 (SIGIO) received
2022/11/13 12:21:07 [notice] 1#1: signal 17 (SIGCHLD) received from 30
2022/11/13 12:21:07 [notice] 1#1: signal 17 (SIGCHLD) received from 38
2022/11/13 12:21:07 [notice] 1#1: worker process 34 exited with code 0
2022/11/13 12:21:07 [notice] 1#1: worker process 38 exited with code 0
2022/11/13 12:21:07 [notice] 1#1: signal 29 (SIGIO) received
2022/11/13 12:21:07 [notice] 1#1: signal 17 (SIGCHLD) received from 37
2022/11/13 12:21:07 [notice] 1#1: worker process 37 exited with code 0
2022/11/13 12:21:07 [notice] 1#1: exit
2022/11/13 12:21:17 [notice] 1#1: using the "epoll" event method
2022/11/13 12:21:17 [notice] 1#1: nginx/1.23.1
2022/11/13 12:21:17 [notice] 1#1: built by gcc 10.2.1 20210110 (Debian 10.2.1-6) 
2022/11/13 12:21:17 [notice] 1#1: OS: Linux 5.15.0-52-generic
2022/11/13 12:21:17 [notice] 1#1: getrlimit(RLIMIT_NOFILE): 1048576:1048576
2022/11/13 12:21:17 [notice] 1#1: start worker processes
2022/11/13 12:21:17 [notice] 1#1: start worker process 30
2022/11/13 12:21:17 [notice] 1#1: start worker process 31
2022/11/13 12:21:17 [notice] 1#1: start worker process 32
2022/11/13 12:21:17 [notice] 1#1: start worker process 33
2022/11/13 12:21:17 [notice] 1#1: start worker process 34
2022/11/13 12:21:17 [notice] 1#1: start worker process 35
2022/11/13 12:21:17 [notice] 1#1: start worker process 36
2022/11/13 12:21:17 [notice] 1#1: start worker process 37
2022/11/13 12:21:17 [notice] 1#1: start worker process 38
2022/11/13 12:21:17 [notice] 1#1: start worker process 39
2022/11/13 12:21:17 [notice] 1#1: start worker process 40
2022/11/13 12:21:17 [notice] 1#1: start worker process 41
2022/11/13 12:21:31 [error] 30#30: *1 open() "/usr/share/nginx/html/css/top.css" failed (2: No such file or directory), client: 172.19.0.1, server: localhost, request: "GET /css/top.css HTTP/1.1", host: "localhost:8080", referrer: "http://localhost:8080/"
2022/11/13 12:21:35 [error] 30#30: *1 open() "/usr/share/nginx/html/img/css/top.css" failed (2: No such file or directory), client: 172.19.0.1, server: localhost, request: "GET /img/css/top.css HTTP/1.1", host: "localhost:8080", referrer: "http://localhost:8080/img/"
2022/11/13 13:24:53 [notice] 1#1: signal 3 (SIGQUIT) received, shutting down
2022/11/13 13:24:53 [notice] 30#30: gracefully shutting down
2022/11/13 13:24:53 [notice] 31#31: gracefully shutting down
2022/11/13 13:24:53 [notice] 33#33: gracefully shutting down
2022/11/13 13:24:53 [notice] 32#32: gracefully shutting down
2022/11/13 13:24:53 [notice] 30#30: exiting
2022/11/13 13:24:53 [notice] 31#31: exiting
2022/11/13 13:24:53 [notice] 33#33: exiting
2022/11/13 13:24:53 [notice] 36#36: gracefully shutting down
2022/11/13 13:24:53 [notice] 34#34: gracefully shutting down
2022/11/13 13:24:53 [notice] 32#32: exiting
2022/11/13 13:24:53 [notice] 37#37: gracefully shutting down
2022/11/13 13:24:53 [notice] 40#40: gracefully shutting down
2022/11/13 13:24:53 [notice] 35#35: gracefully shutting down
2022/11/13 13:24:53 [notice] 39#39: gracefully shutting down
2022/11/13 13:24:53 [notice] 38#38: gracefully shutting down
2022/11/13 13:24:53 [notice] 30#30: exit
2022/11/13 13:24:53 [notice] 36#36: exiting
2022/11/13 13:24:53 [notice] 33#33: exit
2022/11/13 13:24:53 [notice] 31#31: exit
2022/11/13 13:24:53 [notice] 34#34: exiting
2022/11/13 13:24:53 [notice] 35#35: exiting
2022/11/13 13:24:53 [notice] 37#37: exiting
2022/11/13 13:24:53 [notice] 40#40: exiting
2022/11/13 13:24:53 [notice] 32#32: exit
2022/11/13 13:24:53 [notice] 38#38: exiting
2022/11/13 13:24:53 [notice] 39#39: exiting
2022/11/13 13:24:53 [notice] 36#36: exit
2022/11/13 13:24:53 [notice] 34#34: exit
2022/11/13 13:24:53 [notice] 35#35: exit
2022/11/13 13:24:53 [notice] 37#37: exit
2022/11/13 13:24:53 [notice] 38#38: exit
2022/11/13 13:24:53 [notice] 40#40: exit
2022/11/13 13:24:53 [notice] 39#39: exit
2022/11/13 13:24:53 [notice] 41#41: gracefully shutting down
2022/11/13 13:24:53 [notice] 41#41: exiting
2022/11/13 13:24:53 [notice] 41#41: exit
2022/11/13 13:24:53 [notice] 1#1: signal 17 (SIGCHLD) received from 34
2022/11/13 13:24:53 [notice] 1#1: worker process 34 exited with code 0
2022/11/13 13:24:53 [notice] 1#1: worker process 37 exited with code 0
2022/11/13 13:24:53 [notice] 1#1: worker process 38 exited with code 0
2022/11/13 13:24:53 [notice] 1#1: signal 29 (SIGIO) received
2022/11/13 13:24:53 [notice] 1#1: signal 17 (SIGCHLD) received from 38
2022/11/13 13:24:53 [notice] 1#1: signal 17 (SIGCHLD) received from 40
2022/11/13 13:24:53 [notice] 1#1: worker process 32 exited with code 0
2022/11/13 13:24:53 [notice] 1#1: worker process 40 exited with code 0
2022/11/13 13:24:53 [notice] 1#1: signal 29 (SIGIO) received
2022/11/13 13:24:53 [notice] 1#1: signal 17 (SIGCHLD) received from 32
2022/11/13 13:24:53 [notice] 1#1: worker process 41 exited with code 0
2022/11/13 13:24:53 [notice] 1#1: signal 29 (SIGIO) received
2022/11/13 13:24:53 [notice] 1#1: signal 17 (SIGCHLD) received from 36
2022/11/13 13:24:53 [notice] 1#1: worker process 36 exited with code 0
2022/11/13 13:24:53 [notice] 1#1: signal 29 (SIGIO) received
2022/11/13 13:24:53 [notice] 1#1: signal 17 (SIGCHLD) received from 39
2022/11/13 13:24:53 [notice] 1#1: worker process 35 exited with code 0
2022/11/13 13:24:53 [notice] 1#1: worker process 39 exited with code 0
2022/11/13 13:24:53 [notice] 1#1: signal 29 (SIGIO) received
2022/11/13 13:24:53 [notice] 1#1: signal 17 (SIGCHLD) received from 33
2022/11/13 13:24:53 [notice] 1#1: worker process 33 exited with code 0
2022/11/13 13:24:53 [notice] 1#1: signal 29 (SIGIO) received
2022/11/13 13:24:53 [notice] 1#1: signal 17 (SIGCHLD) received from 31
2022/11/13 13:24:53 [notice] 1#1: worker process 31 exited with code 0
2022/11/13 13:24:53 [notice] 1#1: signal 29 (SIGIO) received
2022/11/13 13:24:53 [notice] 1#1: signal 17 (SIGCHLD) received from 30
2022/11/13 13:24:53 [notice] 1#1: worker process 30 exited with code 0
2022/11/13 13:24:53 [notice] 1#1: exit
2022/11/13 13:25:15 [notice] 1#1: using the "epoll" event method
2022/11/13 13:25:15 [notice] 1#1: nginx/1.23.1
2022/11/13 13:25:15 [notice] 1#1: built by gcc 10.2.1 20210110 (Debian 10.2.1-6) 
2022/11/13 13:25:15 [notice] 1#1: OS: Linux 5.15.0-52-generic
2022/11/13 13:25:15 [notice] 1#1: getrlimit(RLIMIT_NOFILE): 1048576:1048576
2022/11/13 13:25:15 [notice] 1#1: start worker processes
2022/11/13 13:25:15 [notice] 1#1: start worker process 30
2022/11/13 13:25:15 [notice] 1#1: start worker process 31
2022/11/13 13:25:15 [notice] 1#1: start worker process 32
2022/11/13 13:25:15 [notice] 1#1: start worker process 33
2022/11/13 13:25:15 [notice] 1#1: start worker process 34
2022/11/13 13:25:15 [notice] 1#1: start worker process 35
2022/11/13 13:25:15 [notice] 1#1: start worker process 36
2022/11/13 13:25:15 [notice] 1#1: start worker process 37
2022/11/13 13:25:15 [notice] 1#1: start worker process 38
2022/11/13 13:25:15 [notice] 1#1: start worker process 39
2022/11/13 13:25:15 [notice] 1#1: start worker process 40
2022/11/13 13:25:15 [notice] 1#1: start worker process 41
2022/11/13 13:25:49 [error] 30#30: *1 open() "/usr/share/nginx/html/css/top.css" failed (2: No such file or directory), client: 172.19.0.1, server: localhost, request: "GET /css/top.css HTTP/1.1", host: "localhost:8080", referrer: "http://localhost:8080/"
2022/11/13 13:31:43 [notice] 1#1: signal 3 (SIGQUIT) received, shutting down
2022/11/13 13:31:43 [notice] 31#31: gracefully shutting down
2022/11/13 13:31:43 [notice] 30#30: gracefully shutting down
2022/11/13 13:31:43 [notice] 33#33: gracefully shutting down
2022/11/13 13:31:43 [notice] 36#36: gracefully shutting down
2022/11/13 13:31:43 [notice] 31#31: exiting
2022/11/13 13:31:43 [notice] 30#30: exiting
2022/11/13 13:31:43 [notice] 32#32: gracefully shutting down
2022/11/13 13:31:43 [notice] 37#37: gracefully shutting down
2022/11/13 13:31:43 [notice] 33#33: exiting
2022/11/13 13:31:43 [notice] 36#36: exiting
2022/11/13 13:31:43 [notice] 38#38: gracefully shutting down
2022/11/13 13:31:43 [notice] 35#35: gracefully shutting down
2022/11/13 13:31:43 [notice] 39#39: gracefully shutting down
2022/11/13 13:31:43 [notice] 34#34: gracefully shutting down
2022/11/13 13:31:43 [notice] 40#40: gracefully shutting down
2022/11/13 13:31:43 [notice] 32#32: exiting
2022/11/13 13:31:43 [notice] 37#37: exiting
2022/11/13 13:31:43 [notice] 30#30: exit
2022/11/13 13:31:43 [notice] 31#31: exit
2022/11/13 13:31:43 [notice] 38#38: exiting
2022/11/13 13:31:43 [notice] 35#35: exiting
2022/11/13 13:31:43 [notice] 36#36: exit
2022/11/13 13:31:43 [notice] 33#33: exit
2022/11/13 13:31:43 [notice] 39#39: exiting
2022/11/13 13:31:43 [notice] 34#34: exiting
2022/11/13 13:31:43 [notice] 41#41: gracefully shutting down
2022/11/13 13:31:43 [notice] 37#37: exit
2022/11/13 13:31:43 [notice] 32#32: exit
2022/11/13 13:31:43 [notice] 41#41: exiting
2022/11/13 13:31:43 [notice] 35#35: exit
2022/11/13 13:31:43 [notice] 38#38: exit
2022/11/13 13:31:43 [notice] 39#39: exit
2022/11/13 13:31:43 [notice] 34#34: exit
2022/11/13 13:31:43 [notice] 40#40: exiting
2022/11/13 13:31:43 [notice] 41#41: exit
2022/11/13 13:31:43 [notice] 40#40: exit
2022/11/13 13:31:43 [notice] 1#1: signal 17 (SIGCHLD) received from 40
2022/11/13 13:31:43 [notice] 1#1: worker process 40 exited with code 0
2022/11/13 13:31:43 [notice] 1#1: signal 29 (SIGIO) received
2022/11/13 13:31:43 [notice] 1#1: signal 17 (SIGCHLD) received from 37
2022/11/13 13:31:43 [notice] 1#1: worker process 37 exited with code 0
2022/11/13 13:31:43 [notice] 1#1: signal 29 (SIGIO) received
2022/11/13 13:31:43 [notice] 1#1: signal 17 (SIGCHLD) received from 38
2022/11/13 13:31:43 [notice] 1#1: worker process 38 exited with code 0
2022/11/13 13:31:43 [notice] 1#1: signal 29 (SIGIO) received
2022/11/13 13:31:43 [notice] 1#1: signal 17 (SIGCHLD) received from 41
2022/11/13 13:31:43 [notice] 1#1: worker process 41 exited with code 0
2022/11/13 13:31:43 [notice] 1#1: worker process 32 exited with code 0
2022/11/13 13:31:43 [notice] 1#1: signal 29 (SIGIO) received
2022/11/13 13:31:43 [notice] 1#1: signal 17 (SIGCHLD) received from 32
2022/11/13 13:31:43 [notice] 1#1: signal 17 (SIGCHLD) received from 39
2022/11/13 13:31:43 [notice] 1#1: worker process 39 exited with code 0
2022/11/13 13:31:43 [notice] 1#1: signal 29 (SIGIO) received
2022/11/13 13:31:43 [notice] 1#1: signal 17 (SIGCHLD) received from 36
2022/11/13 13:31:43 [notice] 1#1: worker process 36 exited with code 0
2022/11/13 13:31:43 [notice] 1#1: signal 29 (SIGIO) received
2022/11/13 13:31:43 [notice] 1#1: signal 17 (SIGCHLD) received from 30
2022/11/13 13:31:43 [notice] 1#1: worker process 30 exited with code 0
2022/11/13 13:31:43 [notice] 1#1: signal 29 (SIGIO) received
2022/11/13 13:31:43 [notice] 1#1: signal 17 (SIGCHLD) received from 33
2022/11/13 13:31:43 [notice] 1#1: worker process 33 exited with code 0
2022/11/13 13:31:43 [notice] 1#1: signal 29 (SIGIO) received
2022/11/13 13:31:43 [notice] 1#1: signal 17 (SIGCHLD) received from 31
2022/11/13 13:31:43 [notice] 1#1: worker process 31 exited with code 0
2022/11/13 13:31:43 [notice] 1#1: signal 29 (SIGIO) received
2022/11/13 13:31:43 [notice] 1#1: signal 17 (SIGCHLD) received from 34
2022/11/13 13:31:43 [notice] 1#1: worker process 34 exited with code 0
2022/11/13 13:31:43 [notice] 1#1: signal 29 (SIGIO) received
2022/11/13 13:31:43 [notice] 1#1: signal 17 (SIGCHLD) received from 35
2022/11/13 13:31:43 [notice] 1#1: worker process 35 exited with code 0
2022/11/13 13:31:43 [notice] 1#1: exit
2022/11/13 13:34:12 [notice] 1#1: using the "epoll" event method
2022/11/13 13:34:12 [notice] 1#1: nginx/1.23.1
2022/11/13 13:34:12 [notice] 1#1: built by gcc 10.2.1 20210110 (Debian 10.2.1-6) 
2022/11/13 13:34:12 [notice] 1#1: OS: Linux 5.15.0-52-generic
2022/11/13 13:34:12 [notice] 1#1: getrlimit(RLIMIT_NOFILE): 1048576:1048576
2022/11/13 13:34:12 [notice] 1#1: start worker processes
2022/11/13 13:34:12 [notice] 1#1: start worker process 30
2022/11/13 13:34:12 [notice] 1#1: start worker process 31
2022/11/13 13:34:12 [notice] 1#1: start worker process 32
2022/11/13 13:34:12 [notice] 1#1: start worker process 33
2022/11/13 13:34:12 [notice] 1#1: start worker process 34
2022/11/13 13:34:12 [notice] 1#1: start worker process 35
2022/11/13 13:34:12 [notice] 1#1: start worker process 36
2022/11/13 13:34:12 [notice] 1#1: start worker process 37
2022/11/13 13:34:12 [notice] 1#1: start worker process 38
2022/11/13 13:34:12 [notice] 1#1: start worker process 39
2022/11/13 13:34:12 [notice] 1#1: start worker process 40
2022/11/13 13:34:12 [notice] 1#1: start worker process 41
2022/11/13 13:35:13 [error] 30#30: *1 open() "/usr/share/nginx/html/img/css/top.css" failed (2: No such file or directory), client: 172.19.0.1, server: localhost, request: "GET /img/css/top.css HTTP/1.1", host: "localhost:8080", referrer: "http://localhost:8080/img/"
2022/11/13 14:01:46 [notice] 1#1: signal 3 (SIGQUIT) received, shutting down
2022/11/13 14:01:46 [notice] 30#30: gracefully shutting down
2022/11/13 14:01:46 [notice] 31#31: gracefully shutting down
2022/11/13 14:01:46 [notice] 32#32: gracefully shutting down
2022/11/13 14:01:46 [notice] 33#33: gracefully shutting down
2022/11/13 14:01:46 [notice] 30#30: exiting
2022/11/13 14:01:46 [notice] 31#31: exiting
2022/11/13 14:01:46 [notice] 36#36: gracefully shutting down
2022/11/13 14:01:46 [notice] 38#38: gracefully shutting down
2022/11/13 14:01:46 [notice] 32#32: exiting
2022/11/13 14:01:46 [notice] 34#34: gracefully shutting down
2022/11/13 14:01:46 [notice] 33#33: exiting
2022/11/13 14:01:46 [notice] 39#39: gracefully shutting down
2022/11/13 14:01:46 [notice] 31#31: exit
2022/11/13 14:01:46 [notice] 35#35: gracefully shutting down
2022/11/13 14:01:46 [notice] 41#41: gracefully shutting down
2022/11/13 14:01:46 [notice] 32#32: exit
2022/11/13 14:01:46 [notice] 36#36: exiting
2022/11/13 14:01:46 [notice] 38#38: exiting
2022/11/13 14:01:46 [notice] 30#30: exit
2022/11/13 14:01:46 [notice] 34#34: exiting
2022/11/13 14:01:46 [notice] 39#39: exiting
2022/11/13 14:01:46 [notice] 35#35: exiting
2022/11/13 14:01:46 [notice] 33#33: exit
2022/11/13 14:01:46 [notice] 41#41: exiting
2022/11/13 14:01:46 [notice] 38#38: exit
2022/11/13 14:01:46 [notice] 36#36: exit
2022/11/13 14:01:46 [notice] 39#39: exit
2022/11/13 14:01:46 [notice] 34#34: exit
2022/11/13 14:01:46 [notice] 35#35: exit
2022/11/13 14:01:46 [notice] 41#41: exit
2022/11/13 14:01:46 [notice] 40#40: gracefully shutting down
2022/11/13 14:01:46 [notice] 37#37: gracefully shutting down
2022/11/13 14:01:46 [notice] 40#40: exiting
2022/11/13 14:01:46 [notice] 37#37: exiting
2022/11/13 14:01:46 [notice] 40#40: exit
2022/11/13 14:01:46 [notice] 37#37: exit
2022/11/13 14:01:46 [notice] 1#1: signal 17 (SIGCHLD) received from 40
2022/11/13 14:01:46 [notice] 1#1: worker process 30 exited with code 0
2022/11/13 14:01:46 [notice] 1#1: worker process 40 exited with code 0
2022/11/13 14:01:46 [notice] 1#1: signal 29 (SIGIO) received
2022/11/13 14:01:46 [notice] 1#1: signal 17 (SIGCHLD) received from 30
2022/11/13 14:01:46 [notice] 1#1: signal 17 (SIGCHLD) received from 34
2022/11/13 14:01:46 [notice] 1#1: worker process 34 exited with code 0
2022/11/13 14:01:46 [notice] 1#1: worker process 32 exited with code 0
2022/11/13 14:01:46 [notice] 1#1: signal 29 (SIGIO) received
2022/11/13 14:01:46 [notice] 1#1: signal 17 (SIGCHLD) received from 32
2022/11/13 14:01:46 [notice] 1#1: worker process 37 exited with code 0
2022/11/13 14:01:46 [notice] 1#1: worker process 38 exited with code 0
2022/11/13 14:01:46 [notice] 1#1: signal 29 (SIGIO) received
2022/11/13 14:01:46 [notice] 1#1: signal 17 (SIGCHLD) received from 33
2022/11/13 14:01:46 [notice] 1#1: worker process 33 exited with code 0
2022/11/13 14:01:46 [notice] 1#1: signal 29 (SIGIO) received
2022/11/13 14:01:46 [notice] 1#1: signal 17 (SIGCHLD) received from 35
2022/11/13 14:01:46 [notice] 1#1: worker process 35 exited with code 0
2022/11/13 14:01:46 [notice] 1#1: worker process 36 exited with code 0
2022/11/13 14:01:46 [notice] 1#1: signal 29 (SIGIO) received
2022/11/13 14:01:46 [notice] 1#1: signal 17 (SIGCHLD) received from 39
2022/11/13 14:01:46 [notice] 1#1: worker process 39 exited with code 0
2022/11/13 14:01:46 [notice] 1#1: signal 29 (SIGIO) received
2022/11/13 14:01:46 [notice] 1#1: signal 17 (SIGCHLD) received from 31
2022/11/13 14:01:46 [notice] 1#1: worker process 31 exited with code 0
2022/11/13 14:01:46 [notice] 1#1: signal 29 (SIGIO) received
2022/11/13 14:01:46 [notice] 1#1: signal 17 (SIGCHLD) received from 41
2022/11/13 14:01:46 [notice] 1#1: worker process 41 exited with code 0
2022/11/13 14:01:46 [notice] 1#1: exit
2022/11/19 03:55:18 [notice] 1#1: using the "epoll" event method
2022/11/19 03:55:18 [notice] 1#1: nginx/1.23.1
2022/11/19 03:55:18 [notice] 1#1: built by gcc 10.2.1 20210110 (Debian 10.2.1-6) 
2022/11/19 03:55:18 [notice] 1#1: OS: Linux 5.15.0-53-generic
2022/11/19 03:55:18 [notice] 1#1: getrlimit(RLIMIT_NOFILE): 1048576:1048576
2022/11/19 03:55:18 [notice] 1#1: start worker processes
2022/11/19 03:55:18 [notice] 1#1: start worker process 30
2022/11/19 03:55:18 [notice] 1#1: start worker process 31
2022/11/19 03:55:18 [notice] 1#1: start worker process 32
2022/11/19 03:55:18 [notice] 1#1: start worker process 33
2022/11/19 03:55:18 [notice] 1#1: start worker process 34
2022/11/19 03:55:18 [notice] 1#1: start worker process 35
2022/11/19 03:55:18 [notice] 1#1: start worker process 36
2022/11/19 03:55:18 [notice] 1#1: start worker process 37
2022/11/19 03:55:18 [notice] 1#1: start worker process 38
2022/11/19 03:55:18 [notice] 1#1: start worker process 39
2022/11/19 03:55:18 [notice] 1#1: start worker process 40
2022/11/19 03:55:18 [notice] 1#1: start worker process 41
2022/11/19 03:55:33 [error] 30#30: *1 open() "/usr/share/nginx/html/favicon.ico" failed (2: No such file or directory), client: 172.19.0.1, server: localhost, request: "GET /favicon.ico HTTP/1.1", host: "localhost:8080", referrer: "http://localhost:8080/"
2022/11/19 04:23:44 [notice] 1#1: signal 3 (SIGQUIT) received, shutting down
2022/11/19 04:23:44 [notice] 30#30: gracefully shutting down
2022/11/19 04:23:44 [notice] 31#31: gracefully shutting down
2022/11/19 04:23:44 [notice] 32#32: gracefully shutting down
2022/11/19 04:23:44 [notice] 33#33: gracefully shutting down
2022/11/19 04:23:44 [notice] 34#34: gracefully shutting down
2022/11/19 04:23:44 [notice] 30#30: exiting
2022/11/19 04:23:44 [notice] 36#36: gracefully shutting down
2022/11/19 04:23:44 [notice] 39#39: gracefully shutting down
2022/11/19 04:23:44 [notice] 31#31: exiting
2022/11/19 04:23:44 [notice] 40#40: gracefully shutting down
2022/11/19 04:23:44 [notice] 38#38: gracefully shutting down
2022/11/19 04:23:44 [notice] 35#35: gracefully shutting down
2022/11/19 04:23:44 [notice] 33#33: exiting
2022/11/19 04:23:44 [notice] 34#34: exiting
2022/11/19 04:23:44 [notice] 36#36: exiting
2022/11/19 04:23:44 [notice] 39#39: exiting
2022/11/19 04:23:44 [notice] 32#32: exiting
2022/11/19 04:23:44 [notice] 40#40: exiting
2022/11/19 04:23:44 [notice] 30#30: exit
2022/11/19 04:23:44 [notice] 31#31: exit
2022/11/19 04:23:44 [notice] 38#38: exiting
2022/11/19 04:23:44 [notice] 35#35: exiting
2022/11/19 04:23:44 [notice] 34#34: exit
2022/11/19 04:23:44 [notice] 33#33: exit
2022/11/19 04:23:44 [notice] 36#36: exit
2022/11/19 04:23:44 [notice] 39#39: exit
2022/11/19 04:23:44 [notice] 32#32: exit
2022/11/19 04:23:44 [notice] 40#40: exit
2022/11/19 04:23:44 [notice] 35#35: exit
2022/11/19 04:23:44 [notice] 38#38: exit
2022/11/19 04:23:44 [notice] 37#37: gracefully shutting down
2022/11/19 04:23:44 [notice] 37#37: exiting
2022/11/19 04:23:44 [notice] 37#37: exit
2022/11/19 04:23:44 [notice] 41#41: gracefully shutting down
2022/11/19 04:23:44 [notice] 41#41: exiting
2022/11/19 04:23:44 [notice] 41#41: exit
2022/11/19 04:23:44 [notice] 1#1: signal 17 (SIGCHLD) received from 35
2022/11/19 04:23:44 [notice] 1#1: worker process 35 exited with code 0
2022/11/19 04:23:44 [notice] 1#1: signal 29 (SIGIO) received
2022/11/19 04:23:44 [notice] 1#1: signal 17 (SIGCHLD) received from 32
2022/11/19 04:23:44 [notice] 1#1: worker process 32 exited with code 0
2022/11/19 04:23:44 [notice] 1#1: signal 29 (SIGIO) received
2022/11/19 04:23:44 [notice] 1#1: signal 17 (SIGCHLD) received from 41
2022/11/19 04:23:44 [notice] 1#1: worker process 38 exited with code 0
2022/11/19 04:23:44 [notice] 1#1: worker process 41 exited with code 0
2022/11/19 04:23:44 [notice] 1#1: signal 29 (SIGIO) received
2022/11/19 04:23:44 [notice] 1#1: signal 17 (SIGCHLD) received from 38
2022/11/19 04:23:44 [notice] 1#1: signal 17 (SIGCHLD) received from 31
2022/11/19 04:23:44 [notice] 1#1: worker process 31 exited with code 0
2022/11/19 04:23:44 [notice] 1#1: worker process 36 exited with code 0
2022/11/19 04:23:44 [notice] 1#1: worker process 39 exited with code 0
2022/11/19 04:23:44 [notice] 1#1: signal 29 (SIGIO) received
2022/11/19 04:23:44 [notice] 1#1: signal 17 (SIGCHLD) received from 39
2022/11/19 04:23:44 [notice] 1#1: worker process 30 exited with code 0
2022/11/19 04:23:44 [notice] 1#1: signal 29 (SIGIO) received
2022/11/19 04:23:44 [notice] 1#1: signal 17 (SIGCHLD) received from 34
2022/11/19 04:23:44 [notice] 1#1: worker process 34 exited with code 0
2022/11/19 04:23:44 [notice] 1#1: worker process 33 exited with code 0
2022/11/19 04:23:44 [notice] 1#1: signal 29 (SIGIO) received
2022/11/19 04:23:44 [notice] 1#1: signal 17 (SIGCHLD) received from 33
2022/11/19 04:23:45 [notice] 1#1: signal 17 (SIGCHLD) received from 40
2022/11/19 04:23:45 [notice] 1#1: worker process 40 exited with code 0
2022/11/19 04:23:45 [notice] 1#1: signal 17 (SIGCHLD) received from 37
2022/11/19 04:23:45 [notice] 1#1: worker process 37 exited with code 0
2022/11/19 04:23:45 [notice] 1#1: exit
2022/11/20 02:53:05 [notice] 1#1: using the "epoll" event method
2022/11/20 02:53:05 [notice] 1#1: nginx/1.23.1
2022/11/20 02:53:05 [notice] 1#1: built by gcc 10.2.1 20210110 (Debian 10.2.1-6) 
2022/11/20 02:53:05 [notice] 1#1: OS: Linux 5.15.0-53-generic
2022/11/20 02:53:05 [notice] 1#1: getrlimit(RLIMIT_NOFILE): 1048576:1048576
2022/11/20 02:53:05 [notice] 1#1: start worker processes
2022/11/20 02:53:05 [notice] 1#1: start worker process 30
2022/11/20 02:53:05 [notice] 1#1: start worker process 31
2022/11/20 02:53:05 [notice] 1#1: start worker process 32
2022/11/20 02:53:05 [notice] 1#1: start worker process 33
2022/11/20 02:53:05 [notice] 1#1: start worker process 34
2022/11/20 02:53:05 [notice] 1#1: start worker process 35
2022/11/20 02:53:05 [notice] 1#1: start worker process 36
2022/11/20 02:53:05 [notice] 1#1: start worker process 37
2022/11/20 02:53:05 [notice] 1#1: start worker process 38
2022/11/20 02:53:05 [notice] 1#1: start worker process 39
2022/11/20 02:53:05 [notice] 1#1: start worker process 40
2022/11/20 02:53:05 [notice] 1#1: start worker process 41
2022/11/20 02:53:30 [error] 31#31: *2 open() "/usr/share/nginx/html/favicon.ico" failed (2: No such file or directory), client: 172.19.0.1, server: localhost, request: "GET /favicon.ico HTTP/1.1", host: "localhost:8080", referrer: "http://localhost:8080/"
2022/11/20 05:30:02 [notice] 1#1: signal 3 (SIGQUIT) received, shutting down
2022/11/20 05:30:02 [notice] 31#31: gracefully shutting down
2022/11/20 05:30:02 [notice] 32#32: gracefully shutting down
2022/11/20 05:30:02 [notice] 35#35: gracefully shutting down
2022/11/20 05:30:02 [notice] 36#36: gracefully shutting down
2022/11/20 05:30:02 [notice] 31#31: exiting
2022/11/20 05:30:02 [notice] 37#37: gracefully shutting down
2022/11/20 05:30:02 [notice] 33#33: gracefully shutting down
2022/11/20 05:30:02 [notice] 41#41: gracefully shutting down
2022/11/20 05:30:02 [notice] 30#30: gracefully shutting down
2022/11/20 05:30:02 [notice] 38#38: gracefully shutting down
2022/11/20 05:30:02 [notice] 39#39: gracefully shutting down
2022/11/20 05:30:02 [notice] 34#34: gracefully shutting down
2022/11/20 05:30:02 [notice] 32#32: exiting
2022/11/20 05:30:02 [notice] 35#35: exiting
2022/11/20 05:30:02 [notice] 36#36: exiting
2022/11/20 05:30:02 [notice] 37#37: exiting
2022/11/20 05:30:02 [notice] 33#33: exiting
2022/11/20 05:30:02 [notice] 32#32: exit
2022/11/20 05:30:02 [notice] 41#41: exiting
2022/11/20 05:30:02 [notice] 31#31: exit
2022/11/20 05:30:02 [notice] 30#30: exiting
2022/11/20 05:30:02 [notice] 38#38: exiting
2022/11/20 05:30:02 [notice] 39#39: exiting
2022/11/20 05:30:02 [notice] 34#34: exiting
2022/11/20 05:30:02 [notice] 35#35: exit
2022/11/20 05:30:02 [notice] 36#36: exit
2022/11/20 05:30:02 [notice] 33#33: exit
2022/11/20 05:30:02 [notice] 37#37: exit
2022/11/20 05:30:02 [notice] 41#41: exit
2022/11/20 05:30:02 [notice] 38#38: exit
2022/11/20 05:30:02 [notice] 30#30: exit
2022/11/20 05:30:02 [notice] 39#39: exit
2022/11/20 05:30:02 [notice] 34#34: exit
2022/11/20 05:30:02 [notice] 40#40: gracefully shutting down
2022/11/20 05:30:02 [notice] 40#40: exiting
2022/11/20 05:30:02 [notice] 40#40: exit
2022/11/20 05:30:02 [notice] 1#1: signal 17 (SIGCHLD) received from 35
2022/11/20 05:30:02 [notice] 1#1: worker process 35 exited with code 0
2022/11/20 05:30:02 [notice] 1#1: signal 29 (SIGIO) received
2022/11/20 05:30:02 [notice] 1#1: signal 17 (SIGCHLD) received from 34
2022/11/20 05:30:02 [notice] 1#1: worker process 34 exited with code 0
2022/11/20 05:30:02 [notice] 1#1: signal 29 (SIGIO) received
2022/11/20 05:30:02 [notice] 1#1: signal 17 (SIGCHLD) received from 33
2022/11/20 05:30:02 [notice] 1#1: worker process 33 exited with code 0
2022/11/20 05:30:02 [notice] 1#1: worker process 36 exited with code 0
2022/11/20 05:30:02 [notice] 1#1: worker process 41 exited with code 0
2022/11/20 05:30:02 [notice] 1#1: worker process 30 exited with code 0
2022/11/20 05:30:02 [notice] 1#1: signal 29 (SIGIO) received
2022/11/20 05:30:02 [notice] 1#1: signal 17 (SIGCHLD) received from 41
2022/11/20 05:30:02 [notice] 1#1: worker process 31 exited with code 0
2022/11/20 05:30:02 [notice] 1#1: signal 29 (SIGIO) received
2022/11/20 05:30:02 [notice] 1#1: signal 17 (SIGCHLD) received from 40
2022/11/20 05:30:02 [notice] 1#1: worker process 40 exited with code 0
2022/11/20 05:30:02 [notice] 1#1: signal 29 (SIGIO) received
2022/11/20 05:30:02 [notice] 1#1: signal 17 (SIGCHLD) received from 37
2022/11/20 05:30:02 [notice] 1#1: worker process 32 exited with code 0
2022/11/20 05:30:02 [notice] 1#1: worker process 37 exited with code 0
2022/11/20 05:30:02 [notice] 1#1: signal 29 (SIGIO) received
2022/11/20 05:30:02 [notice] 1#1: signal 17 (SIGCHLD) received from 32
2022/11/20 05:30:02 [notice] 1#1: signal 17 (SIGCHLD) received from 38
2022/11/20 05:30:02 [notice] 1#1: worker process 38 exited with code 0
2022/11/20 05:30:02 [notice] 1#1: signal 29 (SIGIO) received
2022/11/20 05:30:02 [notice] 1#1: signal 17 (SIGCHLD) received from 39
2022/11/20 05:30:02 [notice] 1#1: worker process 39 exited with code 0
2022/11/20 05:30:02 [notice] 1#1: exit
