AH00558: apache2: Could not reliably determine the server's fully qualified domain name, using 172.18.0.2. Set the 'ServerName' directive globally to suppress this message
[Tue Nov 08 04:15:02.950670 2022] [mpm_prefork:notice] [pid 1] AH00163: Apache/2.4.52 (Debian) PHP/7.3.33 configured -- resuming normal operations
[Tue Nov 08 04:15:02.950704 2022] [core:notice] [pid 1] AH00094: Command line: 'apache2 -D FOREGROUND'
[Tue Nov 08 04:15:35.697818 2022] [mpm_prefork:notice] [pid 1] AH00170: caught SIGWINCH, shutting down gracefully
AH00558: apache2: Could not reliably determine the server's fully qualified domain name, using 172.18.0.2. Set the 'ServerName' directive globally to suppress this message
[Tue Nov 08 04:16:38.026215 2022] [mpm_prefork:notice] [pid 1] AH00163: Apache/2.4.52 (Debian) PHP/7.3.33 configured -- resuming normal operations
[Tue Nov 08 04:16:38.026246 2022] [core:notice] [pid 1] AH00094: Command line: 'apache2 -D FOREGROUND'
[Tue Nov 08 04:27:37.905784 2022] [mpm_prefork:notice] [pid 1] AH00170: caught SIGWINCH, shutting down gracefully
AH00558: apache2: Could not reliably determine the server's fully qualified domain name, using 172.18.0.2. Set the 'ServerName' directive globally to suppress this message
[Tue Nov 08 04:27:55.817103 2022] [mpm_prefork:notice] [pid 1] AH00163: Apache/2.4.52 (Debian) PHP/7.3.33 configured -- resuming normal operations
[Tue Nov 08 04:27:55.817126 2022] [core:notice] [pid 1] AH00094: Command line: 'apache2 -D FOREGROUND'
[Tue Nov 08 04:29:04.318007 2022] [mpm_prefork:notice] [pid 1] AH00170: caught SIGWINCH, shutting down gracefully
AH00558: apache2: Could not reliably determine the server's fully qualified domain name, using 172.18.0.2. Set the 'ServerName' directive globally to suppress this message
[Tue Nov 08 04:34:43.838607 2022] [mpm_prefork:notice] [pid 1] AH00163: Apache/2.4.52 (Debian) PHP/7.3.33 configured -- resuming normal operations
[Tue Nov 08 04:34:43.838629 2022] [core:notice] [pid 1] AH00094: Command line: 'apache2 -D FOREGROUND'
[Tue Nov 08 04:59:19.691142 2022] [mpm_prefork:notice] [pid 1] AH00170: caught SIGWINCH, shutting down gracefully
AH00558: apache2: Could not reliably determine the server's fully qualified domain name, using 172.18.0.2. Set the 'ServerName' directive globally to suppress this message
[Tue Nov 08 06:21:26.092707 2022] [mpm_prefork:notice] [pid 1] AH00163: Apache/2.4.52 (Debian) PHP/7.3.33 configured -- resuming normal operations
[Tue Nov 08 06:21:26.092729 2022] [core:notice] [pid 1] AH00094: Command line: 'apache2 -D FOREGROUND'
[Tue Nov 08 06:27:50.033694 2022] [autoindex:error] [pid 20] [client 172.18.0.1:38776] AH01276: Cannot serve directory /var/www/html/: No matching DirectoryIndex (index.php,index.html,index.aspx) found, and server-generated directory index forbidden by Options directive
[Tue Nov 08 06:37:40.872136 2022] [mpm_prefork:notice] [pid 1] AH00170: caught SIGWINCH, shutting down gracefully
AH00558: apache2: Could not reliably determine the server's fully qualified domain name, using 172.18.0.3. Set the 'ServerName' directive globally to suppress this message
[Tue Nov 08 07:02:20.764250 2022] [mpm_prefork:notice] [pid 1] AH00163: Apache/2.4.52 (Debian) PHP/7.3.33 configured -- resuming normal operations
[Tue Nov 08 07:02:20.764299 2022] [core:notice] [pid 1] AH00094: Command line: 'apache2 -D FOREGROUND'
[Tue Nov 08 07:06:39.061958 2022] [mpm_prefork:notice] [pid 1] AH00170: caught SIGWINCH, shutting down gracefully
AH00558: apache2: Could not reliably determine the server's fully qualified domain name, using 172.18.0.3. Set the 'ServerName' directive globally to suppress this message
[Tue Nov 08 07:13:11.269651 2022] [mpm_prefork:notice] [pid 1] AH00163: Apache/2.4.52 (Debian) PHP/7.3.33 configured -- resuming normal operations
[Tue Nov 08 07:13:11.269681 2022] [core:notice] [pid 1] AH00094: Command line: 'apache2 -D FOREGROUND'
[Tue Nov 08 13:00:50.490225 2022] [mpm_prefork:notice] [pid 1] AH00170: caught SIGWINCH, shutting down gracefully
AH00558: apache2: Could not reliably determine the server's fully qualified domain name, using 172.19.0.3. Set the 'ServerName' directive globally to suppress this message
[Sun Nov 13 11:45:29.819653 2022] [mpm_prefork:notice] [pid 1] AH00163: Apache/2.4.52 (Debian) PHP/7.3.33 configured -- resuming normal operations
[Sun Nov 13 11:45:29.819691 2022] [core:notice] [pid 1] AH00094: Command line: 'apache2 -D FOREGROUND'
[Sun Nov 13 11:49:21.156568 2022] [autoindex:error] [pid 43] [client 172.19.0.4:38158] AH01276: Cannot serve directory /var/www/html/aspx/: No matching DirectoryIndex (index.php,index.html,index.aspx) found, and server-generated directory index forbidden by Options directive
[Sun Nov 13 12:08:28.230248 2022] [mpm_prefork:notice] [pid 1] AH00170: caught SIGWINCH, shutting down gracefully
AH00558: apache2: Could not reliably determine the server's fully qualified domain name, using 172.19.0.3. Set the 'ServerName' directive globally to suppress this message
[Sun Nov 13 12:08:51.704343 2022] [mpm_prefork:notice] [pid 1] AH00163: Apache/2.4.52 (Debian) PHP/7.3.33 configured -- resuming normal operations
[Sun Nov 13 12:08:51.704378 2022] [core:notice] [pid 1] AH00094: Command line: 'apache2 -D FOREGROUND'
[Sun Nov 13 12:13:27.656155 2022] [mpm_prefork:notice] [pid 1] AH00170: caught SIGWINCH, shutting down gracefully
AH00558: apache2: Could not reliably determine the server's fully qualified domain name, using 172.19.0.3. Set the 'ServerName' directive globally to suppress this message
[Sun Nov 13 12:13:43.131278 2022] [mpm_prefork:notice] [pid 1] AH00163: Apache/2.4.52 (Debian) PHP/7.3.33 configured -- resuming normal operations
[Sun Nov 13 12:13:43.131302 2022] [core:notice] [pid 1] AH00094: Command line: 'apache2 -D FOREGROUND'
[Sun Nov 13 12:13:51.964697 2022] [autoindex:error] [pid 17] [client 172.19.0.4:47020] AH01276: Cannot serve directory /var/www/html/aspx/img/: No matching DirectoryIndex (index.php,index.html,index.aspx) found, and server-generated directory index forbidden by Options directive
[Sun Nov 13 12:15:05.779379 2022] [autoindex:error] [pid 20] [client 172.19.0.4:36270] AH01276: Cannot serve directory /var/www/html/aspx/img/: No matching DirectoryIndex (index.php,index.html,index.aspx) found, and server-generated directory index forbidden by Options directive
[Sun Nov 13 12:21:07.556545 2022] [mpm_prefork:notice] [pid 1] AH00170: caught SIGWINCH, shutting down gracefully
AH00558: apache2: Could not reliably determine the server's fully qualified domain name, using 172.19.0.3. Set the 'ServerName' directive globally to suppress this message
[Sun Nov 13 12:21:16.772011 2022] [mpm_prefork:notice] [pid 1] AH00163: Apache/2.4.52 (Debian) PHP/7.3.33 configured -- resuming normal operations
[Sun Nov 13 12:21:16.772041 2022] [core:notice] [pid 1] AH00094: Command line: 'apache2 -D FOREGROUND'
[Sun Nov 13 13:24:53.897767 2022] [mpm_prefork:notice] [pid 1] AH00170: caught SIGWINCH, shutting down gracefully
AH00558: apache2: Could not reliably determine the server's fully qualified domain name, using 172.19.0.3. Set the 'ServerName' directive globally to suppress this message
[Sun Nov 13 13:25:15.311968 2022] [mpm_prefork:notice] [pid 1] AH00163: Apache/2.4.52 (Debian) PHP/7.3.33 configured -- resuming normal operations
[Sun Nov 13 13:25:15.311993 2022] [core:notice] [pid 1] AH00094: Command line: 'apache2 -D FOREGROUND'
[Sun Nov 13 13:31:43.848786 2022] [mpm_prefork:notice] [pid 1] AH00170: caught SIGWINCH, shutting down gracefully
AH00558: apache2: Could not reliably determine the server's fully qualified domain name, using 172.19.0.3. Set the 'ServerName' directive globally to suppress this message
[Sun Nov 13 13:34:11.756454 2022] [mpm_prefork:notice] [pid 1] AH00163: Apache/2.4.52 (Debian) PHP/7.3.33 configured -- resuming normal operations
[Sun Nov 13 13:34:11.756479 2022] [core:notice] [pid 1] AH00094: Command line: 'apache2 -D FOREGROUND'
[Sun Nov 13 14:01:47.144092 2022] [mpm_prefork:notice] [pid 1] AH00170: caught SIGWINCH, shutting down gracefully
AH00558: apache2: Could not reliably determine the server's fully qualified domain name, using 172.19.0.3. Set the 'ServerName' directive globally to suppress this message
[Sat Nov 19 03:55:17.755086 2022] [mpm_prefork:notice] [pid 1] AH00163: Apache/2.4.52 (Debian) PHP/7.3.33 configured -- resuming normal operations
[Sat Nov 19 03:55:17.755115 2022] [core:notice] [pid 1] AH00094: Command line: 'apache2 -D FOREGROUND'
[Sat Nov 19 04:23:45.256352 2022] [mpm_prefork:notice] [pid 1] AH00170: caught SIGWINCH, shutting down gracefully
AH00558: apache2: Could not reliably determine the server's fully qualified domain name, using 172.19.0.3. Set the 'ServerName' directive globally to suppress this message
[Sun Nov 20 02:53:05.653006 2022] [mpm_prefork:notice] [pid 1] AH00163: Apache/2.4.52 (Debian) PHP/7.3.33 configured -- resuming normal operations
[Sun Nov 20 02:53:05.653039 2022] [core:notice] [pid 1] AH00094: Command line: 'apache2 -D FOREGROUND'
[Sun Nov 20 05:30:02.680577 2022] [mpm_prefork:notice] [pid 1] AH00170: caught SIGWINCH, shutting down gracefully
AH00558: apache2: Could not reliably determine the server's fully qualified domain name, using 172.19.0.3. Set the 'ServerName' directive globally to suppress this message
[Sun Nov 20 11:26:09.013197 2022] [mpm_prefork:notice] [pid 1] AH00163: Apache/2.4.52 (Debian) PHP/7.3.33 configured -- resuming normal operations
[Sun Nov 20 11:26:09.013226 2022] [core:notice] [pid 1] AH00094: Command line: 'apache2 -D FOREGROUND'
[Sun Nov 20 14:49:01.910745 2022] [mpm_prefork:notice] [pid 1] AH00170: caught SIGWINCH, shutting down gracefully
AH00558: apache2: Could not reliably determine the server's fully qualified domain name, using 172.19.0.3. Set the 'ServerName' directive globally to suppress this message
[Sun Nov 27 13:56:50.674628 2022] [mpm_prefork:notice] [pid 1] AH00163: Apache/2.4.52 (Debian) PHP/7.3.33 configured -- resuming normal operations
[Sun Nov 27 13:56:50.674655 2022] [core:notice] [pid 1] AH00094: Command line: 'apache2 -D FOREGROUND'
[Sun Nov 27 16:04:24.896597 2022] [mpm_prefork:notice] [pid 1] AH00170: caught SIGWINCH, shutting down gracefully
AH00558: apache2: Could not reliably determine the server's fully qualified domain name, using 172.19.0.3. Set the 'ServerName' directive globally to suppress this message
[Thu Dec 01 17:17:14.186625 2022] [mpm_prefork:notice] [pid 1] AH00163: Apache/2.4.52 (Debian) PHP/7.3.33 configured -- resuming normal operations
[Thu Dec 01 17:17:14.186656 2022] [core:notice] [pid 1] AH00094: Command line: 'apache2 -D FOREGROUND'
[Thu Dec 01 19:41:01.800071 2022] [mpm_prefork:notice] [pid 1] AH00170: caught SIGWINCH, shutting down gracefully
AH00558: apache2: Could not reliably determine the server's fully qualified domain name, using 172.19.0.3. Set the 'ServerName' directive globally to suppress this message
[Thu Dec 01 21:32:07.446120 2022] [mpm_prefork:notice] [pid 1] AH00163: Apache/2.4.52 (Debian) PHP/7.3.33 configured -- resuming normal operations
[Thu Dec 01 21:32:07.446172 2022] [core:notice] [pid 1] AH00094: Command line: 'apache2 -D FOREGROUND'
[Thu Dec 01 22:22:42.220489 2022] [mpm_prefork:notice] [pid 1] AH00170: caught SIGWINCH, shutting down gracefully
AH00558: apache2: Could not reliably determine the server's fully qualified domain name, using 172.19.0.3. Set the 'ServerName' directive globally to suppress this message
[Fri Dec 02 14:52:37.691860 2022] [mpm_prefork:notice] [pid 1] AH00163: Apache/2.4.52 (Debian) PHP/7.3.33 configured -- resuming normal operations
[Fri Dec 02 14:52:37.691892 2022] [core:notice] [pid 1] AH00094: Command line: 'apache2 -D FOREGROUND'
[Fri Dec 02 19:45:21.996041 2022] [mpm_prefork:notice] [pid 1] AH00170: caught SIGWINCH, shutting down gracefully
AH00558: apache2: Could not reliably determine the server's fully qualified domain name, using 172.19.0.3. Set the 'ServerName' directive globally to suppress this message
[Sat Dec 03 05:55:12.695869 2022] [mpm_prefork:notice] [pid 1] AH00163: Apache/2.4.52 (Debian) PHP/7.3.33 configured -- resuming normal operations
[Sat Dec 03 05:55:12.695902 2022] [core:notice] [pid 1] AH00094: Command line: 'apache2 -D FOREGROUND'
[Sat Dec 03 19:51:35.180099 2022] [mpm_prefork:notice] [pid 1] AH00170: caught SIGWINCH, shutting down gracefully
AH00558: apache2: Could not reliably determine the server's fully qualified domain name, using 172.19.0.3. Set the 'ServerName' directive globally to suppress this message
[Sun Dec 04 16:28:59.111426 2022] [mpm_prefork:notice] [pid 1] AH00163: Apache/2.4.52 (Debian) PHP/7.3.33 configured -- resuming normal operations
[Sun Dec 04 16:28:59.111523 2022] [core:notice] [pid 1] AH00094: Command line: 'apache2 -D FOREGROUND'
[Sun Dec 04 16:30:54.768453 2022] [mpm_prefork:notice] [pid 1] AH00170: caught SIGWINCH, shutting down gracefully
AH00558: apache2: Could not reliably determine the server's fully qualified domain name, using 172.19.0.3. Set the 'ServerName' directive globally to suppress this message
[Thu Dec 15 16:35:07.186342 2022] [mpm_prefork:notice] [pid 1] AH00163: Apache/2.4.52 (Debian) PHP/7.3.33 configured -- resuming normal operations
[Thu Dec 15 16:35:07.186371 2022] [core:notice] [pid 1] AH00094: Command line: 'apache2 -D FOREGROUND'
