2022/11/08 05:15:50 [emerg] 1#1: open() "/etc/nginx/nginx.conf" failed (2: No such file or directory)
2022/11/08 05:17:54 [emerg] 1#1: open() "/etc/nginx/nginx.conf" failed (2: No such file or directory)
2022/11/08 05:19:49 [emerg] 1#1: open() "/etc/nginx/nginx.conf" failed (2: No such file or directory)
2022/11/08 05:21:12 [emerg] 1#1: open() "/etc/nginx/nginx.conf" failed (2: No such file or directory)
2022/11/08 05:22:20 [emerg] 1#1: open() "/etc/nginx/nginx.conf" failed (2: No such file or directory)
2022/11/08 05:23:58 [notice] 1#1: using the "epoll" event method
2022/11/08 05:23:58 [notice] 1#1: nginx/1.23.1
2022/11/08 05:23:58 [notice] 1#1: built by gcc 10.2.1 20210110 (Debian 10.2.1-6) 
2022/11/08 05:23:58 [notice] 1#1: OS: Linux 5.15.0-52-generic
2022/11/08 05:23:58 [notice] 1#1: getrlimit(RLIMIT_NOFILE): 1048576:1048576
2022/11/08 05:23:58 [notice] 1#1: start worker processes
2022/11/08 05:23:58 [notice] 1#1: start worker process 31
2022/11/08 05:23:58 [notice] 1#1: start worker process 32
2022/11/08 05:23:58 [notice] 1#1: start worker process 33
2022/11/08 05:23:58 [notice] 1#1: start worker process 34
2022/11/08 05:23:58 [notice] 1#1: start worker process 35
2022/11/08 05:23:58 [notice] 1#1: start worker process 36
2022/11/08 05:23:58 [notice] 1#1: start worker process 37
2022/11/08 05:23:58 [notice] 1#1: start worker process 38
2022/11/08 05:23:58 [notice] 1#1: start worker process 39
2022/11/08 05:23:58 [notice] 1#1: start worker process 40
2022/11/08 05:23:58 [notice] 1#1: start worker process 41
2022/11/08 05:23:58 [notice] 1#1: start worker process 42
2022/11/08 05:24:05 [notice] 1#1: signal 3 (SIGQUIT) received, shutting down
2022/11/08 05:24:05 [notice] 31#31: gracefully shutting down
2022/11/08 05:24:05 [notice] 32#32: gracefully shutting down
2022/11/08 05:24:05 [notice] 36#36: gracefully shutting down
2022/11/08 05:24:05 [notice] 35#35: gracefully shutting down
2022/11/08 05:24:05 [notice] 33#33: gracefully shutting down
2022/11/08 05:24:05 [notice] 37#37: gracefully shutting down
2022/11/08 05:24:05 [notice] 31#31: exiting
2022/11/08 05:24:05 [notice] 38#38: gracefully shutting down
2022/11/08 05:24:05 [notice] 39#39: gracefully shutting down
2022/11/08 05:24:05 [notice] 32#32: exiting
2022/11/08 05:24:05 [notice] 36#36: exiting
2022/11/08 05:24:05 [notice] 35#35: exiting
2022/11/08 05:24:05 [notice] 40#40: gracefully shutting down
2022/11/08 05:24:05 [notice] 34#34: gracefully shutting down
2022/11/08 05:24:05 [notice] 41#41: gracefully shutting down
2022/11/08 05:24:05 [notice] 33#33: exiting
2022/11/08 05:24:05 [notice] 37#37: exiting
2022/11/08 05:24:05 [notice] 38#38: exiting
2022/11/08 05:24:05 [notice] 39#39: exiting
2022/11/08 05:24:05 [notice] 32#32: exit
2022/11/08 05:24:05 [notice] 31#31: exit
2022/11/08 05:24:05 [notice] 40#40: exiting
2022/11/08 05:24:05 [notice] 36#36: exit
2022/11/08 05:24:05 [notice] 34#34: exiting
2022/11/08 05:24:05 [notice] 41#41: exiting
2022/11/08 05:24:05 [notice] 35#35: exit
2022/11/08 05:24:05 [notice] 39#39: exit
2022/11/08 05:24:05 [notice] 38#38: exit
2022/11/08 05:24:05 [notice] 33#33: exit
2022/11/08 05:24:05 [notice] 37#37: exit
2022/11/08 05:24:05 [notice] 34#34: exit
2022/11/08 05:24:05 [notice] 40#40: exit
2022/11/08 05:24:05 [notice] 41#41: exit
2022/11/08 05:24:05 [notice] 42#42: gracefully shutting down
2022/11/08 05:24:05 [notice] 42#42: exiting
2022/11/08 05:24:05 [notice] 42#42: exit
2022/11/08 05:24:05 [notice] 1#1: signal 17 (SIGCHLD) received from 40
2022/11/08 05:24:05 [notice] 1#1: worker process 40 exited with code 0
2022/11/08 05:24:05 [notice] 1#1: signal 29 (SIGIO) received
2022/11/08 05:24:05 [notice] 1#1: signal 17 (SIGCHLD) received from 36
2022/11/08 05:24:05 [notice] 1#1: worker process 36 exited with code 0
2022/11/08 05:24:05 [notice] 1#1: signal 29 (SIGIO) received
2022/11/08 05:24:05 [notice] 1#1: signal 17 (SIGCHLD) received from 41
2022/11/08 05:24:05 [notice] 1#1: worker process 41 exited with code 0
2022/11/08 05:24:05 [notice] 1#1: signal 29 (SIGIO) received
2022/11/08 05:24:05 [notice] 1#1: signal 17 (SIGCHLD) received from 32
2022/11/08 05:24:05 [notice] 1#1: worker process 32 exited with code 0
2022/11/08 05:24:05 [notice] 1#1: signal 29 (SIGIO) received
2022/11/08 05:24:05 [notice] 1#1: signal 17 (SIGCHLD) received from 31
2022/11/08 05:24:05 [notice] 1#1: worker process 31 exited with code 0
2022/11/08 05:24:05 [notice] 1#1: worker process 42 exited with code 0
2022/11/08 05:24:05 [notice] 1#1: signal 29 (SIGIO) received
2022/11/08 05:24:05 [notice] 1#1: signal 17 (SIGCHLD) received from 42
2022/11/08 05:24:05 [notice] 1#1: signal 17 (SIGCHLD) received from 33
2022/11/08 05:24:05 [notice] 1#1: worker process 33 exited with code 0
2022/11/08 05:24:05 [notice] 1#1: worker process 37 exited with code 0
2022/11/08 05:24:05 [notice] 1#1: signal 29 (SIGIO) received
2022/11/08 05:24:05 [notice] 1#1: signal 17 (SIGCHLD) received from 38
2022/11/08 05:24:05 [notice] 1#1: worker process 38 exited with code 0
2022/11/08 05:24:05 [notice] 1#1: signal 29 (SIGIO) received
2022/11/08 05:24:05 [notice] 1#1: signal 17 (SIGCHLD) received from 35
2022/11/08 05:24:05 [notice] 1#1: worker process 35 exited with code 0
2022/11/08 05:24:05 [notice] 1#1: signal 29 (SIGIO) received
2022/11/08 05:24:05 [notice] 1#1: signal 17 (SIGCHLD) received from 34
2022/11/08 05:24:05 [notice] 1#1: worker process 34 exited with code 0
2022/11/08 05:24:05 [notice] 1#1: signal 29 (SIGIO) received
2022/11/08 05:24:05 [notice] 1#1: signal 17 (SIGCHLD) received from 39
2022/11/08 05:24:05 [notice] 1#1: worker process 39 exited with code 0
2022/11/08 05:24:05 [notice] 1#1: exit
2022/11/08 05:24:31 [notice] 1#1: using the "epoll" event method
2022/11/08 05:24:31 [notice] 1#1: nginx/1.23.1
2022/11/08 05:24:31 [notice] 1#1: built by gcc 10.2.1 20210110 (Debian 10.2.1-6) 
2022/11/08 05:24:31 [notice] 1#1: OS: Linux 5.15.0-52-generic
2022/11/08 05:24:31 [notice] 1#1: getrlimit(RLIMIT_NOFILE): 1048576:1048576
2022/11/08 05:24:31 [notice] 1#1: start worker processes
2022/11/08 05:24:31 [notice] 1#1: start worker process 31
2022/11/08 05:24:31 [notice] 1#1: start worker process 32
2022/11/08 05:24:31 [notice] 1#1: start worker process 33
2022/11/08 05:24:31 [notice] 1#1: start worker process 34
2022/11/08 05:24:31 [notice] 1#1: start worker process 35
2022/11/08 05:24:31 [notice] 1#1: start worker process 36
2022/11/08 05:24:31 [notice] 1#1: start worker process 37
2022/11/08 05:24:31 [notice] 1#1: start worker process 38
2022/11/08 05:24:31 [notice] 1#1: start worker process 39
2022/11/08 05:24:31 [notice] 1#1: start worker process 40
2022/11/08 05:24:31 [notice] 1#1: start worker process 41
2022/11/08 05:24:31 [notice] 1#1: start worker process 42
2022/11/08 05:26:41 [notice] 1#1: signal 3 (SIGQUIT) received, shutting down
2022/11/08 05:26:41 [notice] 34#34: gracefully shutting down
2022/11/08 05:26:41 [notice] 35#35: gracefully shutting down
2022/11/08 05:26:41 [notice] 37#37: gracefully shutting down
2022/11/08 05:26:41 [notice] 38#38: gracefully shutting down
2022/11/08 05:26:41 [notice] 32#32: gracefully shutting down
2022/11/08 05:26:41 [notice] 31#31: gracefully shutting down
2022/11/08 05:26:41 [notice] 34#34: exiting
2022/11/08 05:26:41 [notice] 35#35: exiting
2022/11/08 05:26:41 [notice] 37#37: exiting
2022/11/08 05:26:41 [notice] 41#41: gracefully shutting down
2022/11/08 05:26:41 [notice] 39#39: gracefully shutting down
2022/11/08 05:26:41 [notice] 42#42: gracefully shutting down
2022/11/08 05:26:41 [notice] 40#40: gracefully shutting down
2022/11/08 05:26:41 [notice] 33#33: gracefully shutting down
2022/11/08 05:26:41 [notice] 38#38: exiting
2022/11/08 05:26:41 [notice] 32#32: exiting
2022/11/08 05:26:41 [notice] 31#31: exiting
2022/11/08 05:26:41 [notice] 41#41: exiting
2022/11/08 05:26:41 [notice] 39#39: exiting
2022/11/08 05:26:41 [notice] 42#42: exiting
2022/11/08 05:26:41 [notice] 37#37: exit
2022/11/08 05:26:41 [notice] 40#40: exiting
2022/11/08 05:26:41 [notice] 35#35: exit
2022/11/08 05:26:41 [notice] 34#34: exit
2022/11/08 05:26:41 [notice] 33#33: exiting
2022/11/08 05:26:41 [notice] 32#32: exit
2022/11/08 05:26:41 [notice] 38#38: exit
2022/11/08 05:26:41 [notice] 42#42: exit
2022/11/08 05:26:41 [notice] 41#41: exit
2022/11/08 05:26:41 [notice] 31#31: exit
2022/11/08 05:26:41 [notice] 33#33: exit
2022/11/08 05:26:41 [notice] 39#39: exit
2022/11/08 05:26:41 [notice] 40#40: exit
2022/11/08 05:26:41 [notice] 36#36: gracefully shutting down
2022/11/08 05:26:41 [notice] 36#36: exiting
2022/11/08 05:26:41 [notice] 36#36: exit
2022/11/08 05:26:41 [notice] 1#1: signal 17 (SIGCHLD) received from 34
2022/11/08 05:26:41 [notice] 1#1: worker process 34 exited with code 0
2022/11/08 05:26:41 [notice] 1#1: worker process 33 exited with code 0
2022/11/08 05:26:41 [notice] 1#1: worker process 40 exited with code 0
2022/11/08 05:26:41 [notice] 1#1: worker process 41 exited with code 0
2022/11/08 05:26:41 [notice] 1#1: signal 29 (SIGIO) received
2022/11/08 05:26:41 [notice] 1#1: signal 17 (SIGCHLD) received from 33
2022/11/08 05:26:41 [notice] 1#1: signal 17 (SIGCHLD) received from 39
2022/11/08 05:26:41 [notice] 1#1: worker process 39 exited with code 0
2022/11/08 05:26:41 [notice] 1#1: signal 29 (SIGIO) received
2022/11/08 05:26:41 [notice] 1#1: signal 17 (SIGCHLD) received from 36
2022/11/08 05:26:41 [notice] 1#1: worker process 36 exited with code 0
2022/11/08 05:26:41 [notice] 1#1: signal 29 (SIGIO) received
2022/11/08 05:26:41 [notice] 1#1: signal 17 (SIGCHLD) received from 35
2022/11/08 05:26:41 [notice] 1#1: worker process 35 exited with code 0
2022/11/08 05:26:41 [notice] 1#1: signal 29 (SIGIO) received
2022/11/08 05:26:41 [notice] 1#1: signal 17 (SIGCHLD) received from 37
2022/11/08 05:26:41 [notice] 1#1: worker process 37 exited with code 0
2022/11/08 05:26:41 [notice] 1#1: signal 29 (SIGIO) received
2022/11/08 05:26:41 [notice] 1#1: signal 17 (SIGCHLD) received from 42
2022/11/08 05:26:41 [notice] 1#1: worker process 31 exited with code 0
2022/11/08 05:26:41 [notice] 1#1: worker process 42 exited with code 0
2022/11/08 05:26:41 [notice] 1#1: signal 29 (SIGIO) received
2022/11/08 05:26:41 [notice] 1#1: signal 17 (SIGCHLD) received from 31
2022/11/08 05:26:41 [notice] 1#1: worker process 38 exited with code 0
2022/11/08 05:26:41 [notice] 1#1: signal 29 (SIGIO) received
2022/11/08 05:26:41 [notice] 1#1: signal 17 (SIGCHLD) received from 32
2022/11/08 05:26:41 [notice] 1#1: worker process 32 exited with code 0
2022/11/08 05:26:41 [notice] 1#1: exit
2022/11/08 05:26:54 [notice] 1#1: using the "epoll" event method
2022/11/08 05:26:54 [notice] 1#1: nginx/1.23.1
2022/11/08 05:26:54 [notice] 1#1: built by gcc 10.2.1 20210110 (Debian 10.2.1-6) 
2022/11/08 05:26:54 [notice] 1#1: OS: Linux 5.15.0-52-generic
2022/11/08 05:26:54 [notice] 1#1: getrlimit(RLIMIT_NOFILE): 1048576:1048576
2022/11/08 05:26:54 [notice] 1#1: start worker processes
2022/11/08 05:26:54 [notice] 1#1: start worker process 31
2022/11/08 05:26:54 [notice] 1#1: start worker process 32
2022/11/08 05:26:54 [notice] 1#1: start worker process 33
2022/11/08 05:26:54 [notice] 1#1: start worker process 34
2022/11/08 05:26:54 [notice] 1#1: start worker process 35
2022/11/08 05:26:54 [notice] 1#1: start worker process 36
2022/11/08 05:26:54 [notice] 1#1: start worker process 37
2022/11/08 05:26:54 [notice] 1#1: start worker process 38
2022/11/08 05:26:54 [notice] 1#1: start worker process 39
2022/11/08 05:26:54 [notice] 1#1: start worker process 40
2022/11/08 05:26:54 [notice] 1#1: start worker process 41
2022/11/08 05:26:54 [notice] 1#1: start worker process 42
2022/11/08 05:28:52 [notice] 1#1: signal 3 (SIGQUIT) received, shutting down
2022/11/08 05:28:52 [notice] 31#31: gracefully shutting down
2022/11/08 05:28:52 [notice] 32#32: gracefully shutting down
2022/11/08 05:28:52 [notice] 35#35: gracefully shutting down
2022/11/08 05:28:52 [notice] 36#36: gracefully shutting down
2022/11/08 05:28:52 [notice] 31#31: exiting
2022/11/08 05:28:52 [notice] 32#32: exiting
2022/11/08 05:28:52 [notice] 33#33: gracefully shutting down
2022/11/08 05:28:52 [notice] 39#39: gracefully shutting down
2022/11/08 05:28:52 [notice] 35#35: exiting
2022/11/08 05:28:52 [notice] 36#36: exiting
2022/11/08 05:28:52 [notice] 42#42: gracefully shutting down
2022/11/08 05:28:52 [notice] 37#37: gracefully shutting down
2022/11/08 05:28:52 [notice] 38#38: gracefully shutting down
2022/11/08 05:28:52 [notice] 34#34: gracefully shutting down
2022/11/08 05:28:52 [notice] 40#40: gracefully shutting down
2022/11/08 05:28:52 [notice] 33#33: exiting
2022/11/08 05:28:52 [notice] 39#39: exiting
2022/11/08 05:28:52 [notice] 42#42: exiting
2022/11/08 05:28:52 [notice] 31#31: exit
2022/11/08 05:28:52 [notice] 32#32: exit
2022/11/08 05:28:52 [notice] 35#35: exit
2022/11/08 05:28:52 [notice] 36#36: exit
2022/11/08 05:28:52 [notice] 37#37: exiting
2022/11/08 05:28:52 [notice] 38#38: exiting
2022/11/08 05:28:52 [notice] 34#34: exiting
2022/11/08 05:28:52 [notice] 40#40: exiting
2022/11/08 05:28:52 [notice] 39#39: exit
2022/11/08 05:28:52 [notice] 33#33: exit
2022/11/08 05:28:52 [notice] 42#42: exit
2022/11/08 05:28:52 [notice] 38#38: exit
2022/11/08 05:28:52 [notice] 37#37: exit
2022/11/08 05:28:52 [notice] 40#40: exit
2022/11/08 05:28:52 [notice] 34#34: exit
2022/11/08 05:28:52 [notice] 41#41: gracefully shutting down
2022/11/08 05:28:52 [notice] 41#41: exiting
2022/11/08 05:28:52 [notice] 41#41: exit
2022/11/08 05:28:52 [notice] 1#1: signal 17 (SIGCHLD) received from 39
2022/11/08 05:28:52 [notice] 1#1: worker process 33 exited with code 0
2022/11/08 05:28:52 [notice] 1#1: worker process 38 exited with code 0
2022/11/08 05:28:52 [notice] 1#1: worker process 39 exited with code 0
2022/11/08 05:28:52 [notice] 1#1: signal 29 (SIGIO) received
2022/11/08 05:28:52 [notice] 1#1: signal 17 (SIGCHLD) received from 33
2022/11/08 05:28:52 [notice] 1#1: signal 17 (SIGCHLD) received from 42
2022/11/08 05:28:52 [notice] 1#1: worker process 42 exited with code 0
2022/11/08 05:28:52 [notice] 1#1: worker process 40 exited with code 0
2022/11/08 05:28:52 [notice] 1#1: signal 29 (SIGIO) received
2022/11/08 05:28:52 [notice] 1#1: signal 17 (SIGCHLD) received from 40
2022/11/08 05:28:52 [notice] 1#1: worker process 31 exited with code 0
2022/11/08 05:28:52 [notice] 1#1: worker process 37 exited with code 0
2022/11/08 05:28:52 [notice] 1#1: signal 29 (SIGIO) received
2022/11/08 05:28:52 [notice] 1#1: signal 17 (SIGCHLD) received from 36
2022/11/08 05:28:52 [notice] 1#1: worker process 36 exited with code 0
2022/11/08 05:28:52 [notice] 1#1: worker process 41 exited with code 0
2022/11/08 05:28:52 [notice] 1#1: signal 29 (SIGIO) received
2022/11/08 05:28:52 [notice] 1#1: signal 17 (SIGCHLD) received from 32
2022/11/08 05:28:52 [notice] 1#1: worker process 32 exited with code 0
2022/11/08 05:28:52 [notice] 1#1: signal 29 (SIGIO) received
2022/11/08 05:28:52 [notice] 1#1: signal 17 (SIGCHLD) received from 35
2022/11/08 05:28:52 [notice] 1#1: worker process 35 exited with code 0
2022/11/08 05:28:52 [notice] 1#1: signal 29 (SIGIO) received
2022/11/08 05:28:52 [notice] 1#1: signal 17 (SIGCHLD) received from 34
2022/11/08 05:28:52 [notice] 1#1: worker process 34 exited with code 0
2022/11/08 05:28:52 [notice] 1#1: exit
2022/11/08 05:29:42 [notice] 1#1: using the "epoll" event method
2022/11/08 05:29:42 [notice] 1#1: nginx/1.23.1
2022/11/08 05:29:42 [notice] 1#1: built by gcc 10.2.1 20210110 (Debian 10.2.1-6) 
2022/11/08 05:29:42 [notice] 1#1: OS: Linux 5.15.0-52-generic
2022/11/08 05:29:42 [notice] 1#1: getrlimit(RLIMIT_NOFILE): 1048576:1048576
2022/11/08 05:29:42 [notice] 1#1: start worker processes
2022/11/08 05:29:42 [notice] 1#1: start worker process 31
2022/11/08 05:29:42 [notice] 1#1: start worker process 32
2022/11/08 05:29:42 [notice] 1#1: start worker process 33
2022/11/08 05:29:42 [notice] 1#1: start worker process 34
2022/11/08 05:29:42 [notice] 1#1: start worker process 35
2022/11/08 05:29:42 [notice] 1#1: start worker process 36
2022/11/08 05:29:42 [notice] 1#1: start worker process 37
2022/11/08 05:29:42 [notice] 1#1: start worker process 38
2022/11/08 05:29:42 [notice] 1#1: start worker process 39
2022/11/08 05:29:42 [notice] 1#1: start worker process 40
2022/11/08 05:29:42 [notice] 1#1: start worker process 41
2022/11/08 05:29:42 [notice] 1#1: start worker process 42
2022/11/08 05:30:20 [notice] 1#1: signal 3 (SIGQUIT) received, shutting down
2022/11/08 05:30:20 [notice] 31#31: gracefully shutting down
2022/11/08 05:30:20 [notice] 32#32: gracefully shutting down
2022/11/08 05:30:20 [notice] 33#33: gracefully shutting down
2022/11/08 05:30:20 [notice] 35#35: gracefully shutting down
2022/11/08 05:30:20 [notice] 36#36: gracefully shutting down
2022/11/08 05:30:20 [notice] 38#38: gracefully shutting down
2022/11/08 05:30:20 [notice] 31#31: exiting
2022/11/08 05:30:20 [notice] 39#39: gracefully shutting down
2022/11/08 05:30:20 [notice] 32#32: exiting
2022/11/08 05:30:20 [notice] 40#40: gracefully shutting down
2022/11/08 05:30:20 [notice] 33#33: exiting
2022/11/08 05:30:20 [notice] 34#34: gracefully shutting down
2022/11/08 05:30:20 [notice] 39#39: exiting
2022/11/08 05:30:20 [notice] 37#37: gracefully shutting down
2022/11/08 05:30:20 [notice] 35#35: exiting
2022/11/08 05:30:20 [notice] 36#36: exiting
2022/11/08 05:30:20 [notice] 38#38: exiting
2022/11/08 05:30:20 [notice] 40#40: exiting
2022/11/08 05:30:20 [notice] 34#34: exiting
2022/11/08 05:30:20 [notice] 37#37: exiting
2022/11/08 05:30:20 [notice] 32#32: exit
2022/11/08 05:30:20 [notice] 31#31: exit
2022/11/08 05:30:20 [notice] 33#33: exit
2022/11/08 05:30:20 [notice] 39#39: exit
2022/11/08 05:30:20 [notice] 40#40: exit
2022/11/08 05:30:20 [notice] 35#35: exit
2022/11/08 05:30:20 [notice] 38#38: exit
2022/11/08 05:30:20 [notice] 36#36: exit
2022/11/08 05:30:20 [notice] 34#34: exit
2022/11/08 05:30:20 [notice] 37#37: exit
2022/11/08 05:30:20 [notice] 42#42: gracefully shutting down
2022/11/08 05:30:20 [notice] 42#42: exiting
2022/11/08 05:30:20 [notice] 42#42: exit
2022/11/08 05:30:20 [notice] 41#41: gracefully shutting down
2022/11/08 05:30:20 [notice] 41#41: exiting
2022/11/08 05:30:20 [notice] 41#41: exit
2022/11/08 05:30:20 [notice] 1#1: signal 17 (SIGCHLD) received from 35
2022/11/08 05:30:20 [notice] 1#1: worker process 31 exited with code 0
2022/11/08 05:30:20 [notice] 1#1: worker process 35 exited with code 0
2022/11/08 05:30:20 [notice] 1#1: signal 29 (SIGIO) received
2022/11/08 05:30:20 [notice] 1#1: signal 17 (SIGCHLD) received from 34
2022/11/08 05:30:20 [notice] 1#1: worker process 34 exited with code 0
2022/11/08 05:30:20 [notice] 1#1: signal 29 (SIGIO) received
2022/11/08 05:30:20 [notice] 1#1: signal 17 (SIGCHLD) received from 33
2022/11/08 05:30:20 [notice] 1#1: worker process 33 exited with code 0
2022/11/08 05:30:20 [notice] 1#1: worker process 38 exited with code 0
2022/11/08 05:30:20 [notice] 1#1: signal 29 (SIGIO) received
2022/11/08 05:30:20 [notice] 1#1: signal 17 (SIGCHLD) received from 39
2022/11/08 05:30:20 [notice] 1#1: worker process 39 exited with code 0
2022/11/08 05:30:20 [notice] 1#1: signal 29 (SIGIO) received
2022/11/08 05:30:20 [notice] 1#1: signal 17 (SIGCHLD) received from 37
2022/11/08 05:30:20 [notice] 1#1: worker process 37 exited with code 0
2022/11/08 05:30:20 [notice] 1#1: signal 29 (SIGIO) received
2022/11/08 05:30:20 [notice] 1#1: signal 17 (SIGCHLD) received from 32
2022/11/08 05:30:20 [notice] 1#1: worker process 32 exited with code 0
2022/11/08 05:30:20 [notice] 1#1: signal 29 (SIGIO) received
2022/11/08 05:30:20 [notice] 1#1: signal 17 (SIGCHLD) received from 40
2022/11/08 05:30:20 [notice] 1#1: worker process 40 exited with code 0
2022/11/08 05:30:20 [notice] 1#1: worker process 41 exited with code 0
2022/11/08 05:30:20 [notice] 1#1: signal 17 (SIGCHLD) received from 41
2022/11/08 05:30:20 [notice] 1#1: signal 29 (SIGIO) received
2022/11/08 05:30:20 [notice] 1#1: signal 17 (SIGCHLD) received from 42
2022/11/08 05:30:20 [notice] 1#1: worker process 42 exited with code 0
2022/11/08 05:30:20 [notice] 1#1: signal 29 (SIGIO) received
2022/11/08 05:30:20 [notice] 1#1: signal 17 (SIGCHLD) received from 36
2022/11/08 05:30:20 [notice] 1#1: worker process 36 exited with code 0
2022/11/08 05:30:20 [notice] 1#1: exit
2022/11/08 05:30:30 [emerg] 1#1: open() "/etc/nginx/nginx.conf" failed (2: No such file or directory)
2022/11/08 05:31:46 [emerg] 1#1: open() "/etc/nginx/nginx.conf" failed (2: No such file or directory)
2022/11/08 05:32:19 [emerg] 1#1: open() "/etc/nginx/nginx.conf" failed (2: No such file or directory)
2022/11/08 05:33:10 [emerg] 1#1: open() "/etc/nginx/nginx.conf" failed (2: No such file or directory)
2022/11/08 05:34:18 [emerg] 1#1: open() "/etc/nginx/nginx.conf" failed (2: No such file or directory)
2022/11/08 05:36:14 [notice] 1#1: using the "epoll" event method
2022/11/08 05:36:14 [notice] 1#1: nginx/1.23.1
2022/11/08 05:36:14 [notice] 1#1: built by gcc 10.2.1 20210110 (Debian 10.2.1-6) 
2022/11/08 05:36:14 [notice] 1#1: OS: Linux 5.15.0-52-generic
2022/11/08 05:36:14 [notice] 1#1: getrlimit(RLIMIT_NOFILE): 1048576:1048576
2022/11/08 05:36:14 [notice] 1#1: start worker processes
2022/11/08 05:36:14 [notice] 1#1: start worker process 31
2022/11/08 05:36:14 [notice] 1#1: start worker process 32
2022/11/08 05:36:14 [notice] 1#1: start worker process 33
2022/11/08 05:36:14 [notice] 1#1: start worker process 34
2022/11/08 05:36:14 [notice] 1#1: start worker process 35
2022/11/08 05:36:14 [notice] 1#1: start worker process 36
2022/11/08 05:36:14 [notice] 1#1: start worker process 37
2022/11/08 05:36:14 [notice] 1#1: start worker process 38
2022/11/08 05:36:14 [notice] 1#1: start worker process 39
2022/11/08 05:36:14 [notice] 1#1: start worker process 40
2022/11/08 05:36:14 [notice] 1#1: start worker process 41
2022/11/08 05:36:14 [notice] 1#1: start worker process 42
2022/11/08 05:39:22 [notice] 1#1: signal 3 (SIGQUIT) received, shutting down
2022/11/08 05:39:22 [notice] 32#32: gracefully shutting down
2022/11/08 05:39:22 [notice] 35#35: gracefully shutting down
2022/11/08 05:39:22 [notice] 32#32: exiting
2022/11/08 05:39:22 [notice] 37#37: gracefully shutting down
2022/11/08 05:39:22 [notice] 34#34: gracefully shutting down
2022/11/08 05:39:22 [notice] 31#31: gracefully shutting down
2022/11/08 05:39:22 [notice] 38#38: gracefully shutting down
2022/11/08 05:39:22 [notice] 39#39: gracefully shutting down
2022/11/08 05:39:22 [notice] 35#35: exiting
2022/11/08 05:39:22 [notice] 40#40: gracefully shutting down
2022/11/08 05:39:22 [notice] 34#34: exiting
2022/11/08 05:39:22 [notice] 37#37: exiting
2022/11/08 05:39:22 [notice] 36#36: gracefully shutting down
2022/11/08 05:39:22 [notice] 39#39: exiting
2022/11/08 05:39:22 [notice] 33#33: gracefully shutting down
2022/11/08 05:39:22 [notice] 32#32: exit
2022/11/08 05:39:22 [notice] 31#31: exiting
2022/11/08 05:39:22 [notice] 38#38: exiting
2022/11/08 05:39:22 [notice] 40#40: exiting
2022/11/08 05:39:22 [notice] 36#36: exiting
2022/11/08 05:39:22 [notice] 35#35: exit
2022/11/08 05:39:22 [notice] 34#34: exit
2022/11/08 05:39:22 [notice] 33#33: exiting
2022/11/08 05:39:22 [notice] 37#37: exit
2022/11/08 05:39:22 [notice] 39#39: exit
2022/11/08 05:39:22 [notice] 38#38: exit
2022/11/08 05:39:22 [notice] 31#31: exit
2022/11/08 05:39:22 [notice] 40#40: exit
2022/11/08 05:39:22 [notice] 33#33: exit
2022/11/08 05:39:22 [notice] 36#36: exit
2022/11/08 05:39:22 [notice] 42#42: gracefully shutting down
2022/11/08 05:39:22 [notice] 41#41: gracefully shutting down
2022/11/08 05:39:22 [notice] 42#42: exiting
2022/11/08 05:39:22 [notice] 41#41: exiting
2022/11/08 05:39:22 [notice] 42#42: exit
2022/11/08 05:39:22 [notice] 41#41: exit
2022/11/08 05:39:22 [notice] 1#1: signal 17 (SIGCHLD) received from 42
2022/11/08 05:39:22 [notice] 1#1: worker process 32 exited with code 0
2022/11/08 05:39:22 [notice] 1#1: worker process 42 exited with code 0
2022/11/08 05:39:22 [notice] 1#1: signal 29 (SIGIO) received
2022/11/08 05:39:22 [notice] 1#1: signal 17 (SIGCHLD) received from 37
2022/11/08 05:39:22 [notice] 1#1: worker process 34 exited with code 0
2022/11/08 05:39:22 [notice] 1#1: worker process 37 exited with code 0
2022/11/08 05:39:22 [notice] 1#1: signal 29 (SIGIO) received
2022/11/08 05:39:22 [notice] 1#1: signal 17 (SIGCHLD) received from 34
2022/11/08 05:39:22 [notice] 1#1: signal 17 (SIGCHLD) received from 38
2022/11/08 05:39:22 [notice] 1#1: worker process 38 exited with code 0
2022/11/08 05:39:22 [notice] 1#1: worker process 39 exited with code 0
2022/11/08 05:39:22 [notice] 1#1: signal 29 (SIGIO) received
2022/11/08 05:39:22 [notice] 1#1: signal 17 (SIGCHLD) received from 41
2022/11/08 05:39:22 [notice] 1#1: worker process 41 exited with code 0
2022/11/08 05:39:22 [notice] 1#1: signal 29 (SIGIO) received
2022/11/08 05:39:22 [notice] 1#1: signal 17 (SIGCHLD) received from 40
2022/11/08 05:39:22 [notice] 1#1: worker process 35 exited with code 0
2022/11/08 05:39:22 [notice] 1#1: worker process 40 exited with code 0
2022/11/08 05:39:22 [notice] 1#1: signal 29 (SIGIO) received
2022/11/08 05:39:22 [notice] 1#1: signal 17 (SIGCHLD) received from 36
2022/11/08 05:39:22 [notice] 1#1: worker process 31 exited with code 0
2022/11/08 05:39:22 [notice] 1#1: worker process 36 exited with code 0
2022/11/08 05:39:22 [notice] 1#1: signal 29 (SIGIO) received
2022/11/08 05:39:22 [notice] 1#1: signal 17 (SIGCHLD) received from 33
2022/11/08 05:39:22 [notice] 1#1: worker process 33 exited with code 0
2022/11/08 05:39:22 [notice] 1#1: exit
2022/11/08 05:39:33 [notice] 1#1: using the "epoll" event method
2022/11/08 05:39:33 [notice] 1#1: nginx/1.23.1
2022/11/08 05:39:33 [notice] 1#1: built by gcc 10.2.1 20210110 (Debian 10.2.1-6) 
2022/11/08 05:39:33 [notice] 1#1: OS: Linux 5.15.0-52-generic
2022/11/08 05:39:33 [notice] 1#1: getrlimit(RLIMIT_NOFILE): 1048576:1048576
2022/11/08 05:39:33 [notice] 1#1: start worker processes
2022/11/08 05:39:33 [notice] 1#1: start worker process 22
2022/11/08 05:39:33 [notice] 1#1: start worker process 23
2022/11/08 05:39:33 [notice] 1#1: start worker process 24
2022/11/08 05:39:33 [notice] 1#1: start worker process 25
2022/11/08 05:39:33 [notice] 1#1: start worker process 26
2022/11/08 05:39:33 [notice] 1#1: start worker process 27
2022/11/08 05:39:33 [notice] 1#1: start worker process 28
2022/11/08 05:39:33 [notice] 1#1: start worker process 29
2022/11/08 05:39:33 [notice] 1#1: start worker process 30
2022/11/08 05:39:33 [notice] 1#1: start worker process 31
2022/11/08 05:39:33 [notice] 1#1: start worker process 32
2022/11/08 05:39:33 [notice] 1#1: start worker process 33
2022/11/08 05:40:02 [notice] 1#1: signal 3 (SIGQUIT) received, shutting down
2022/11/08 05:40:02 [notice] 22#22: gracefully shutting down
2022/11/08 05:40:02 [notice] 22#22: exiting
2022/11/08 05:40:02 [notice] 28#28: gracefully shutting down
2022/11/08 05:40:02 [notice] 26#26: gracefully shutting down
2022/11/08 05:40:02 [notice] 29#29: gracefully shutting down
2022/11/08 05:40:02 [notice] 23#23: gracefully shutting down
2022/11/08 05:40:02 [notice] 31#31: gracefully shutting down
2022/11/08 05:40:02 [notice] 28#28: exiting
2022/11/08 05:40:02 [notice] 24#24: gracefully shutting down
2022/11/08 05:40:02 [notice] 25#25: gracefully shutting down
2022/11/08 05:40:02 [notice] 26#26: exiting
2022/11/08 05:40:02 [notice] 32#32: gracefully shutting down
2022/11/08 05:40:02 [notice] 29#29: exiting
2022/11/08 05:40:02 [notice] 22#22: exit
2022/11/08 05:40:02 [notice] 27#27: gracefully shutting down
2022/11/08 05:40:02 [notice] 30#30: gracefully shutting down
2022/11/08 05:40:02 [notice] 23#23: exiting
2022/11/08 05:40:02 [notice] 31#31: exiting
2022/11/08 05:40:02 [notice] 24#24: exiting
2022/11/08 05:40:02 [notice] 25#25: exiting
2022/11/08 05:40:02 [notice] 32#32: exiting
2022/11/08 05:40:02 [notice] 28#28: exit
2022/11/08 05:40:02 [notice] 26#26: exit
2022/11/08 05:40:02 [notice] 27#27: exiting
2022/11/08 05:40:02 [notice] 29#29: exit
2022/11/08 05:40:02 [notice] 30#30: exiting
2022/11/08 05:40:02 [notice] 23#23: exit
2022/11/08 05:40:02 [notice] 31#31: exit
2022/11/08 05:40:02 [notice] 25#25: exit
2022/11/08 05:40:02 [notice] 24#24: exit
2022/11/08 05:40:02 [notice] 32#32: exit
2022/11/08 05:40:02 [notice] 27#27: exit
2022/11/08 05:40:02 [notice] 30#30: exit
2022/11/08 05:40:02 [notice] 33#33: gracefully shutting down
2022/11/08 05:40:02 [notice] 33#33: exiting
2022/11/08 05:40:02 [notice] 33#33: exit
2022/11/08 05:40:02 [notice] 1#1: signal 17 (SIGCHLD) received from 23
2022/11/08 05:40:02 [notice] 1#1: worker process 23 exited with code 0
2022/11/08 05:40:02 [notice] 1#1: signal 29 (SIGIO) received
2022/11/08 05:40:02 [notice] 1#1: signal 17 (SIGCHLD) received from 24
2022/11/08 05:40:02 [notice] 1#1: worker process 24 exited with code 0
2022/11/08 05:40:02 [notice] 1#1: signal 29 (SIGIO) received
2022/11/08 05:40:02 [notice] 1#1: signal 17 (SIGCHLD) received from 28
2022/11/08 05:40:02 [notice] 1#1: worker process 28 exited with code 0
2022/11/08 05:40:02 [notice] 1#1: signal 29 (SIGIO) received
2022/11/08 05:40:02 [notice] 1#1: signal 17 (SIGCHLD) received from 29
2022/11/08 05:40:02 [notice] 1#1: worker process 29 exited with code 0
2022/11/08 05:40:02 [notice] 1#1: worker process 31 exited with code 0
2022/11/08 05:40:02 [notice] 1#1: worker process 33 exited with code 0
2022/11/08 05:40:02 [notice] 1#1: signal 29 (SIGIO) received
2022/11/08 05:40:02 [notice] 1#1: signal 17 (SIGCHLD) received from 33
2022/11/08 05:40:02 [notice] 1#1: signal 17 (SIGCHLD) received from 32
2022/11/08 05:40:02 [notice] 1#1: worker process 32 exited with code 0
2022/11/08 05:40:02 [notice] 1#1: signal 29 (SIGIO) received
2022/11/08 05:40:02 [notice] 1#1: signal 17 (SIGCHLD) received from 25
2022/11/08 05:40:02 [notice] 1#1: worker process 25 exited with code 0
2022/11/08 05:40:02 [notice] 1#1: signal 29 (SIGIO) received
2022/11/08 05:40:02 [notice] 1#1: signal 17 (SIGCHLD) received from 26
2022/11/08 05:40:02 [notice] 1#1: worker process 26 exited with code 0
2022/11/08 05:40:02 [notice] 1#1: signal 29 (SIGIO) received
2022/11/08 05:40:02 [notice] 1#1: signal 17 (SIGCHLD) received from 22
2022/11/08 05:40:02 [notice] 1#1: worker process 22 exited with code 0
2022/11/08 05:40:02 [notice] 1#1: signal 29 (SIGIO) received
2022/11/08 05:40:02 [notice] 1#1: signal 17 (SIGCHLD) received from 30
2022/11/08 05:40:02 [notice] 1#1: worker process 30 exited with code 0
2022/11/08 05:40:02 [notice] 1#1: signal 29 (SIGIO) received
2022/11/08 05:40:02 [notice] 1#1: signal 17 (SIGCHLD) received from 27
2022/11/08 05:40:02 [notice] 1#1: worker process 27 exited with code 0
2022/11/08 05:40:02 [notice] 1#1: exit
2022/11/08 05:40:10 [notice] 1#1: using the "epoll" event method
2022/11/08 05:40:10 [notice] 1#1: nginx/1.23.1
2022/11/08 05:40:10 [notice] 1#1: built by gcc 10.2.1 20210110 (Debian 10.2.1-6) 
2022/11/08 05:40:10 [notice] 1#1: OS: Linux 5.15.0-52-generic
2022/11/08 05:40:10 [notice] 1#1: getrlimit(RLIMIT_NOFILE): 1048576:1048576
2022/11/08 05:40:10 [notice] 1#1: start worker processes
2022/11/08 05:40:10 [notice] 1#1: start worker process 22
2022/11/08 05:40:10 [notice] 1#1: start worker process 23
2022/11/08 05:40:10 [notice] 1#1: start worker process 24
2022/11/08 05:40:10 [notice] 1#1: start worker process 25
2022/11/08 05:40:10 [notice] 1#1: start worker process 26
2022/11/08 05:40:10 [notice] 1#1: start worker process 27
2022/11/08 05:40:10 [notice] 1#1: start worker process 28
2022/11/08 05:40:10 [notice] 1#1: start worker process 29
2022/11/08 05:40:10 [notice] 1#1: start worker process 30
2022/11/08 05:40:10 [notice] 1#1: start worker process 31
2022/11/08 05:40:10 [notice] 1#1: start worker process 32
2022/11/08 05:40:10 [notice] 1#1: start worker process 33
2022/11/08 05:40:22 [notice] 1#1: signal 3 (SIGQUIT) received, shutting down
2022/11/08 05:40:22 [notice] 25#25: gracefully shutting down
2022/11/08 05:40:22 [notice] 26#26: gracefully shutting down
2022/11/08 05:40:22 [notice] 22#22: gracefully shutting down
2022/11/08 05:40:22 [notice] 23#23: gracefully shutting down
2022/11/08 05:40:22 [notice] 24#24: gracefully shutting down
2022/11/08 05:40:22 [notice] 29#29: gracefully shutting down
2022/11/08 05:40:22 [notice] 23#23: exiting
2022/11/08 05:40:22 [notice] 31#31: gracefully shutting down
2022/11/08 05:40:22 [notice] 25#25: exiting
2022/11/08 05:40:22 [notice] 26#26: exiting
2022/11/08 05:40:22 [notice] 32#32: gracefully shutting down
2022/11/08 05:40:22 [notice] 33#33: gracefully shutting down
2022/11/08 05:40:22 [notice] 27#27: gracefully shutting down
2022/11/08 05:40:22 [notice] 28#28: gracefully shutting down
2022/11/08 05:40:22 [notice] 22#22: exiting
2022/11/08 05:40:22 [notice] 24#24: exiting
2022/11/08 05:40:22 [notice] 29#29: exiting
2022/11/08 05:40:22 [notice] 31#31: exiting
2022/11/08 05:40:22 [notice] 32#32: exiting
2022/11/08 05:40:22 [notice] 33#33: exiting
2022/11/08 05:40:22 [notice] 27#27: exiting
2022/11/08 05:40:22 [notice] 28#28: exiting
2022/11/08 05:40:22 [notice] 30#30: gracefully shutting down
2022/11/08 05:40:22 [notice] 30#30: exiting
2022/11/08 05:40:22 [notice] 22#22: exit
2022/11/08 05:40:22 [notice] 29#29: exit
2022/11/08 05:40:22 [notice] 24#24: exit
2022/11/08 05:40:22 [notice] 23#23: exit
2022/11/08 05:40:22 [notice] 26#26: exit
2022/11/08 05:40:22 [notice] 25#25: exit
2022/11/08 05:40:22 [notice] 32#32: exit
2022/11/08 05:40:22 [notice] 31#31: exit
2022/11/08 05:40:22 [notice] 28#28: exit
2022/11/08 05:40:22 [notice] 27#27: exit
2022/11/08 05:40:22 [notice] 33#33: exit
2022/11/08 05:40:22 [notice] 30#30: exit
2022/11/08 05:40:22 [notice] 1#1: signal 17 (SIGCHLD) received from 32
2022/11/08 05:40:22 [notice] 1#1: worker process 30 exited with code 0
2022/11/08 05:40:22 [notice] 1#1: worker process 32 exited with code 0
2022/11/08 05:40:22 [notice] 1#1: signal 29 (SIGIO) received
2022/11/08 05:40:23 [notice] 1#1: signal 17 (SIGCHLD) received from 25
2022/11/08 05:40:23 [notice] 1#1: worker process 25 exited with code 0
2022/11/08 05:40:23 [notice] 1#1: signal 29 (SIGIO) received
2022/11/08 05:40:23 [notice] 1#1: signal 17 (SIGCHLD) received from 23
2022/11/08 05:40:23 [notice] 1#1: worker process 23 exited with code 0
2022/11/08 05:40:23 [notice] 1#1: signal 29 (SIGIO) received
2022/11/08 05:40:23 [notice] 1#1: signal 17 (SIGCHLD) received from 26
2022/11/08 05:40:23 [notice] 1#1: worker process 26 exited with code 0
2022/11/08 05:40:23 [notice] 1#1: signal 29 (SIGIO) received
2022/11/08 05:40:23 [notice] 1#1: signal 17 (SIGCHLD) received from 24
2022/11/08 05:40:23 [notice] 1#1: worker process 24 exited with code 0
2022/11/08 05:40:23 [notice] 1#1: signal 29 (SIGIO) received
2022/11/08 05:40:23 [notice] 1#1: signal 17 (SIGCHLD) received from 27
2022/11/08 05:40:23 [notice] 1#1: worker process 27 exited with code 0
2022/11/08 05:40:23 [notice] 1#1: signal 29 (SIGIO) received
2022/11/08 05:40:23 [notice] 1#1: signal 17 (SIGCHLD) received from 22
2022/11/08 05:40:23 [notice] 1#1: worker process 22 exited with code 0
2022/11/08 05:40:23 [notice] 1#1: signal 29 (SIGIO) received
2022/11/08 05:40:23 [notice] 1#1: signal 17 (SIGCHLD) received from 29
2022/11/08 05:40:23 [notice] 1#1: worker process 29 exited with code 0
2022/11/08 05:40:23 [notice] 1#1: signal 29 (SIGIO) received
2022/11/08 05:40:23 [notice] 1#1: signal 17 (SIGCHLD) received from 33
2022/11/08 05:40:23 [notice] 1#1: worker process 33 exited with code 0
2022/11/08 05:40:23 [notice] 1#1: signal 29 (SIGIO) received
2022/11/08 05:40:23 [notice] 1#1: signal 17 (SIGCHLD) received from 31
2022/11/08 05:40:23 [notice] 1#1: worker process 31 exited with code 0
2022/11/08 05:40:23 [notice] 1#1: signal 17 (SIGCHLD) received from 28
2022/11/08 05:40:23 [notice] 1#1: worker process 28 exited with code 0
2022/11/08 05:40:23 [notice] 1#1: exit
2022/11/08 05:57:55 [notice] 1#1: using the "epoll" event method
2022/11/08 05:57:55 [notice] 1#1: nginx/1.23.1
2022/11/08 05:57:55 [notice] 1#1: built by gcc 10.2.1 20210110 (Debian 10.2.1-6) 
2022/11/08 05:57:55 [notice] 1#1: OS: Linux 5.15.0-52-generic
2022/11/08 05:57:55 [notice] 1#1: getrlimit(RLIMIT_NOFILE): 1048576:1048576
2022/11/08 05:57:55 [notice] 1#1: start worker processes
2022/11/08 05:57:55 [notice] 1#1: start worker process 22
2022/11/08 05:57:55 [notice] 1#1: start worker process 23
2022/11/08 05:57:55 [notice] 1#1: start worker process 24
2022/11/08 05:57:55 [notice] 1#1: start worker process 25
2022/11/08 05:57:55 [notice] 1#1: start worker process 26
2022/11/08 05:57:55 [notice] 1#1: start worker process 27
2022/11/08 05:57:55 [notice] 1#1: start worker process 28
2022/11/08 05:57:55 [notice] 1#1: start worker process 29
2022/11/08 05:57:55 [notice] 1#1: start worker process 30
2022/11/08 05:57:55 [notice] 1#1: start worker process 31
2022/11/08 05:57:55 [notice] 1#1: start worker process 32
2022/11/08 05:57:55 [notice] 1#1: start worker process 33
2022/11/08 06:03:24 [notice] 1#1: signal 3 (SIGQUIT) received, shutting down
2022/11/08 06:03:24 [notice] 22#22: gracefully shutting down
2022/11/08 06:03:24 [notice] 23#23: gracefully shutting down
2022/11/08 06:03:24 [notice] 24#24: gracefully shutting down
2022/11/08 06:03:24 [notice] 22#22: exiting
2022/11/08 06:03:24 [notice] 23#23: exiting
2022/11/08 06:03:24 [notice] 25#25: gracefully shutting down
2022/11/08 06:03:24 [notice] 24#24: exiting
2022/11/08 06:03:24 [notice] 27#27: gracefully shutting down
2022/11/08 06:03:24 [notice] 28#28: gracefully shutting down
2022/11/08 06:03:24 [notice] 31#31: gracefully shutting down
2022/11/08 06:03:24 [notice] 29#29: gracefully shutting down
2022/11/08 06:03:24 [notice] 26#26: gracefully shutting down
2022/11/08 06:03:24 [notice] 25#25: exiting
2022/11/08 06:03:24 [notice] 27#27: exiting
2022/11/08 06:03:24 [notice] 23#23: exit
2022/11/08 06:03:24 [notice] 28#28: exiting
2022/11/08 06:03:24 [notice] 22#22: exit
2022/11/08 06:03:24 [notice] 32#32: gracefully shutting down
2022/11/08 06:03:24 [notice] 24#24: exit
2022/11/08 06:03:24 [notice] 31#31: exiting
2022/11/08 06:03:24 [notice] 29#29: exiting
2022/11/08 06:03:24 [notice] 26#26: exiting
2022/11/08 06:03:24 [notice] 30#30: gracefully shutting down
2022/11/08 06:03:24 [notice] 32#32: exiting
2022/11/08 06:03:24 [notice] 27#27: exit
2022/11/08 06:03:24 [notice] 28#28: exit
2022/11/08 06:03:24 [notice] 25#25: exit
2022/11/08 06:03:24 [notice] 30#30: exiting
2022/11/08 06:03:24 [notice] 31#31: exit
2022/11/08 06:03:24 [notice] 26#26: exit
2022/11/08 06:03:24 [notice] 29#29: exit
2022/11/08 06:03:24 [notice] 32#32: exit
2022/11/08 06:03:24 [notice] 30#30: exit
2022/11/08 06:03:24 [notice] 33#33: gracefully shutting down
2022/11/08 06:03:24 [notice] 33#33: exiting
2022/11/08 06:03:24 [notice] 33#33: exit
2022/11/08 06:03:24 [notice] 1#1: signal 17 (SIGCHLD) received from 33
2022/11/08 06:03:24 [notice] 1#1: worker process 33 exited with code 0
2022/11/08 06:03:24 [notice] 1#1: signal 29 (SIGIO) received
2022/11/08 06:03:24 [notice] 1#1: signal 17 (SIGCHLD) received from 27
2022/11/08 06:03:24 [notice] 1#1: worker process 27 exited with code 0
2022/11/08 06:03:24 [notice] 1#1: worker process 30 exited with code 0
2022/11/08 06:03:24 [notice] 1#1: signal 29 (SIGIO) received
2022/11/08 06:03:24 [notice] 1#1: signal 17 (SIGCHLD) received from 30
2022/11/08 06:03:24 [notice] 1#1: signal 17 (SIGCHLD) received from 23
2022/11/08 06:03:24 [notice] 1#1: worker process 23 exited with code 0
2022/11/08 06:03:24 [notice] 1#1: signal 29 (SIGIO) received
2022/11/08 06:03:24 [notice] 1#1: signal 17 (SIGCHLD) received from 31
2022/11/08 06:03:24 [notice] 1#1: worker process 31 exited with code 0
2022/11/08 06:03:24 [notice] 1#1: signal 29 (SIGIO) received
2022/11/08 06:03:24 [notice] 1#1: signal 17 (SIGCHLD) received from 29
2022/11/08 06:03:24 [notice] 1#1: worker process 24 exited with code 0
2022/11/08 06:03:24 [notice] 1#1: worker process 29 exited with code 0
2022/11/08 06:03:24 [notice] 1#1: signal 29 (SIGIO) received
2022/11/08 06:03:24 [notice] 1#1: signal 17 (SIGCHLD) received from 32
2022/11/08 06:03:24 [notice] 1#1: worker process 22 exited with code 0
2022/11/08 06:03:24 [notice] 1#1: worker process 32 exited with code 0
2022/11/08 06:03:24 [notice] 1#1: signal 29 (SIGIO) received
2022/11/08 06:03:24 [notice] 1#1: signal 17 (SIGCHLD) received from 28
2022/11/08 06:03:24 [notice] 1#1: worker process 28 exited with code 0
2022/11/08 06:03:24 [notice] 1#1: signal 29 (SIGIO) received
2022/11/08 06:03:24 [notice] 1#1: signal 17 (SIGCHLD) received from 26
2022/11/08 06:03:24 [notice] 1#1: worker process 26 exited with code 0
2022/11/08 06:03:24 [notice] 1#1: signal 29 (SIGIO) received
2022/11/08 06:03:24 [notice] 1#1: signal 17 (SIGCHLD) received from 25
2022/11/08 06:03:24 [notice] 1#1: worker process 25 exited with code 0
2022/11/08 06:03:24 [notice] 1#1: exit
2022/11/08 06:04:37 [notice] 1#1: using the "epoll" event method
2022/11/08 06:04:37 [notice] 1#1: nginx/1.23.1
2022/11/08 06:04:37 [notice] 1#1: built by gcc 10.2.1 20210110 (Debian 10.2.1-6) 
2022/11/08 06:04:37 [notice] 1#1: OS: Linux 5.15.0-52-generic
2022/11/08 06:04:37 [notice] 1#1: getrlimit(RLIMIT_NOFILE): 1048576:1048576
2022/11/08 06:04:37 [notice] 1#1: start worker processes
2022/11/08 06:04:37 [notice] 1#1: start worker process 22
2022/11/08 06:04:37 [notice] 1#1: start worker process 23
2022/11/08 06:04:37 [notice] 1#1: start worker process 24
2022/11/08 06:04:37 [notice] 1#1: start worker process 25
2022/11/08 06:04:37 [notice] 1#1: start worker process 26
2022/11/08 06:04:37 [notice] 1#1: start worker process 27
2022/11/08 06:04:37 [notice] 1#1: start worker process 28
2022/11/08 06:04:37 [notice] 1#1: start worker process 29
2022/11/08 06:04:37 [notice] 1#1: start worker process 30
2022/11/08 06:04:37 [notice] 1#1: start worker process 31
2022/11/08 06:04:37 [notice] 1#1: start worker process 32
2022/11/08 06:04:37 [notice] 1#1: start worker process 33
2022/11/08 06:08:39 [notice] 1#1: signal 3 (SIGQUIT) received, shutting down
2022/11/08 06:08:39 [notice] 22#22: gracefully shutting down
2022/11/08 06:08:39 [notice] 24#24: gracefully shutting down
2022/11/08 06:08:39 [notice] 27#27: gracefully shutting down
2022/11/08 06:08:39 [notice] 26#26: gracefully shutting down
2022/11/08 06:08:39 [notice] 22#22: exiting
2022/11/08 06:08:39 [notice] 28#28: gracefully shutting down
2022/11/08 06:08:39 [notice] 24#24: exiting
2022/11/08 06:08:39 [notice] 27#27: exiting
2022/11/08 06:08:39 [notice] 31#31: gracefully shutting down
2022/11/08 06:08:39 [notice] 26#26: exiting
2022/11/08 06:08:39 [notice] 25#25: gracefully shutting down
2022/11/08 06:08:39 [notice] 30#30: gracefully shutting down
2022/11/08 06:08:39 [notice] 23#23: gracefully shutting down
2022/11/08 06:08:39 [notice] 29#29: gracefully shutting down
2022/11/08 06:08:39 [notice] 28#28: exiting
2022/11/08 06:08:39 [notice] 32#32: gracefully shutting down
2022/11/08 06:08:39 [notice] 31#31: exiting
2022/11/08 06:08:39 [notice] 24#24: exit
2022/11/08 06:08:39 [notice] 22#22: exit
2022/11/08 06:08:39 [notice] 27#27: exit
2022/11/08 06:08:39 [notice] 25#25: exiting
2022/11/08 06:08:39 [notice] 26#26: exit
2022/11/08 06:08:39 [notice] 30#30: exiting
2022/11/08 06:08:39 [notice] 23#23: exiting
2022/11/08 06:08:39 [notice] 29#29: exiting
2022/11/08 06:08:39 [notice] 32#32: exiting
2022/11/08 06:08:39 [notice] 28#28: exit
2022/11/08 06:08:39 [notice] 31#31: exit
2022/11/08 06:08:39 [notice] 30#30: exit
2022/11/08 06:08:39 [notice] 25#25: exit
2022/11/08 06:08:39 [notice] 23#23: exit
2022/11/08 06:08:39 [notice] 32#32: exit
2022/11/08 06:08:39 [notice] 29#29: exit
2022/11/08 06:08:39 [notice] 33#33: gracefully shutting down
2022/11/08 06:08:39 [notice] 33#33: exiting
2022/11/08 06:08:39 [notice] 33#33: exit
2022/11/08 06:08:39 [notice] 1#1: signal 17 (SIGCHLD) received from 22
2022/11/08 06:08:39 [notice] 1#1: worker process 22 exited with code 0
2022/11/08 06:08:39 [notice] 1#1: signal 29 (SIGIO) received
2022/11/08 06:08:39 [notice] 1#1: signal 17 (SIGCHLD) received from 29
2022/11/08 06:08:39 [notice] 1#1: worker process 23 exited with code 0
2022/11/08 06:08:39 [notice] 1#1: worker process 29 exited with code 0
2022/11/08 06:08:39 [notice] 1#1: signal 29 (SIGIO) received
2022/11/08 06:08:39 [notice] 1#1: signal 17 (SIGCHLD) received from 27
2022/11/08 06:08:39 [notice] 1#1: worker process 27 exited with code 0
2022/11/08 06:08:39 [notice] 1#1: signal 29 (SIGIO) received
2022/11/08 06:08:39 [notice] 1#1: signal 17 (SIGCHLD) received from 30
2022/11/08 06:08:39 [notice] 1#1: worker process 30 exited with code 0
2022/11/08 06:08:39 [notice] 1#1: signal 29 (SIGIO) received
2022/11/08 06:08:39 [notice] 1#1: signal 17 (SIGCHLD) received from 24
2022/11/08 06:08:39 [notice] 1#1: worker process 24 exited with code 0
2022/11/08 06:08:39 [notice] 1#1: worker process 26 exited with code 0
2022/11/08 06:08:39 [notice] 1#1: signal 29 (SIGIO) received
2022/11/08 06:08:39 [notice] 1#1: signal 17 (SIGCHLD) received from 25
2022/11/08 06:08:39 [notice] 1#1: worker process 25 exited with code 0
2022/11/08 06:08:39 [notice] 1#1: worker process 28 exited with code 0
2022/11/08 06:08:39 [notice] 1#1: worker process 31 exited with code 0
2022/11/08 06:08:39 [notice] 1#1: signal 29 (SIGIO) received
2022/11/08 06:08:39 [notice] 1#1: signal 17 (SIGCHLD) received from 32
2022/11/08 06:08:39 [notice] 1#1: worker process 32 exited with code 0
2022/11/08 06:08:39 [notice] 1#1: worker process 33 exited with code 0
2022/11/08 06:08:39 [notice] 1#1: exit
2022/11/08 06:09:08 [notice] 1#1: using the "epoll" event method
2022/11/08 06:09:08 [notice] 1#1: nginx/1.23.1
2022/11/08 06:09:08 [notice] 1#1: built by gcc 10.2.1 20210110 (Debian 10.2.1-6) 
2022/11/08 06:09:08 [notice] 1#1: OS: Linux 5.15.0-52-generic
2022/11/08 06:09:08 [notice] 1#1: getrlimit(RLIMIT_NOFILE): 1048576:1048576
2022/11/08 06:09:08 [notice] 1#1: start worker processes
2022/11/08 06:09:08 [notice] 1#1: start worker process 22
2022/11/08 06:09:08 [notice] 1#1: start worker process 23
2022/11/08 06:09:08 [notice] 1#1: start worker process 24
2022/11/08 06:09:08 [notice] 1#1: start worker process 25
2022/11/08 06:09:08 [notice] 1#1: start worker process 26
2022/11/08 06:09:08 [notice] 1#1: start worker process 27
2022/11/08 06:09:08 [notice] 1#1: start worker process 28
2022/11/08 06:09:08 [notice] 1#1: start worker process 29
2022/11/08 06:09:08 [notice] 1#1: start worker process 30
2022/11/08 06:09:08 [notice] 1#1: start worker process 31
2022/11/08 06:09:08 [notice] 1#1: start worker process 32
2022/11/08 06:09:08 [notice] 1#1: start worker process 33
2022/11/08 06:10:35 [notice] 1#1: signal 3 (SIGQUIT) received, shutting down
2022/11/08 06:10:35 [notice] 23#23: gracefully shutting down
2022/11/08 06:10:35 [notice] 26#26: gracefully shutting down
2022/11/08 06:10:35 [notice] 24#24: gracefully shutting down
2022/11/08 06:10:35 [notice] 22#22: gracefully shutting down
2022/11/08 06:10:35 [notice] 28#28: gracefully shutting down
2022/11/08 06:10:35 [notice] 23#23: exiting
2022/11/08 06:10:35 [notice] 30#30: gracefully shutting down
2022/11/08 06:10:35 [notice] 26#26: exiting
2022/11/08 06:10:35 [notice] 25#25: gracefully shutting down
2022/11/08 06:10:35 [notice] 31#31: gracefully shutting down
2022/11/08 06:10:35 [notice] 29#29: gracefully shutting down
2022/11/08 06:10:35 [notice] 27#27: gracefully shutting down
2022/11/08 06:10:35 [notice] 24#24: exiting
2022/11/08 06:10:35 [notice] 22#22: exiting
2022/11/08 06:10:35 [notice] 33#33: gracefully shutting down
2022/11/08 06:10:35 [notice] 28#28: exiting
2022/11/08 06:10:35 [notice] 30#30: exiting
2022/11/08 06:10:35 [notice] 25#25: exiting
2022/11/08 06:10:35 [notice] 23#23: exit
2022/11/08 06:10:35 [notice] 31#31: exiting
2022/11/08 06:10:35 [notice] 26#26: exit
2022/11/08 06:10:35 [notice] 29#29: exiting
2022/11/08 06:10:35 [notice] 27#27: exiting
2022/11/08 06:10:35 [notice] 33#33: exiting
2022/11/08 06:10:35 [notice] 22#22: exit
2022/11/08 06:10:35 [notice] 24#24: exit
2022/11/08 06:10:35 [notice] 30#30: exit
2022/11/08 06:10:35 [notice] 25#25: exit
2022/11/08 06:10:35 [notice] 28#28: exit
2022/11/08 06:10:35 [notice] 31#31: exit
2022/11/08 06:10:35 [notice] 33#33: exit
2022/11/08 06:10:35 [notice] 29#29: exit
2022/11/08 06:10:35 [notice] 27#27: exit
2022/11/08 06:10:35 [notice] 32#32: gracefully shutting down
2022/11/08 06:10:35 [notice] 32#32: exiting
2022/11/08 06:10:35 [notice] 32#32: exit
2022/11/08 06:10:35 [notice] 1#1: signal 17 (SIGCHLD) received from 32
2022/11/08 06:10:35 [notice] 1#1: worker process 32 exited with code 0
2022/11/08 06:10:35 [notice] 1#1: signal 29 (SIGIO) received
2022/11/08 06:10:35 [notice] 1#1: signal 17 (SIGCHLD) received from 24
2022/11/08 06:10:35 [notice] 1#1: worker process 24 exited with code 0
2022/11/08 06:10:35 [notice] 1#1: signal 29 (SIGIO) received
2022/11/08 06:10:35 [notice] 1#1: signal 17 (SIGCHLD) received from 22
2022/11/08 06:10:35 [notice] 1#1: worker process 22 exited with code 0
2022/11/08 06:10:35 [notice] 1#1: signal 29 (SIGIO) received
2022/11/08 06:10:35 [notice] 1#1: signal 17 (SIGCHLD) received from 27
2022/11/08 06:10:35 [notice] 1#1: worker process 27 exited with code 0
2022/11/08 06:10:35 [notice] 1#1: signal 29 (SIGIO) received
2022/11/08 06:10:35 [notice] 1#1: signal 17 (SIGCHLD) received from 29
2022/11/08 06:10:35 [notice] 1#1: worker process 29 exited with code 0
2022/11/08 06:10:35 [notice] 1#1: worker process 31 exited with code 0
2022/11/08 06:10:35 [notice] 1#1: signal 29 (SIGIO) received
2022/11/08 06:10:35 [notice] 1#1: signal 17 (SIGCHLD) received from 31
2022/11/08 06:10:35 [notice] 1#1: worker process 28 exited with code 0
2022/11/08 06:10:35 [notice] 1#1: worker process 33 exited with code 0
2022/11/08 06:10:35 [notice] 1#1: signal 29 (SIGIO) received
2022/11/08 06:10:35 [notice] 1#1: signal 17 (SIGCHLD) received from 30
2022/11/08 06:10:35 [notice] 1#1: worker process 30 exited with code 0
2022/11/08 06:10:35 [notice] 1#1: signal 29 (SIGIO) received
2022/11/08 06:10:35 [notice] 1#1: signal 17 (SIGCHLD) received from 23
2022/11/08 06:10:35 [notice] 1#1: worker process 23 exited with code 0
2022/11/08 06:10:35 [notice] 1#1: signal 29 (SIGIO) received
2022/11/08 06:10:35 [notice] 1#1: signal 17 (SIGCHLD) received from 26
2022/11/08 06:10:35 [notice] 1#1: worker process 26 exited with code 0
2022/11/08 06:10:35 [notice] 1#1: signal 29 (SIGIO) received
2022/11/08 06:10:35 [notice] 1#1: signal 17 (SIGCHLD) received from 25
2022/11/08 06:10:35 [notice] 1#1: worker process 25 exited with code 0
2022/11/08 06:10:35 [notice] 1#1: exit
2022/11/08 06:37:51 [notice] 1#1: using the "epoll" event method
2022/11/08 06:37:51 [notice] 1#1: nginx/1.23.1
2022/11/08 06:37:51 [notice] 1#1: built by gcc 10.2.1 20210110 (Debian 10.2.1-6) 
2022/11/08 06:37:51 [notice] 1#1: OS: Linux 5.15.0-52-generic
2022/11/08 06:37:51 [notice] 1#1: getrlimit(RLIMIT_NOFILE): 1048576:1048576
2022/11/08 06:37:51 [notice] 1#1: start worker processes
2022/11/08 06:37:51 [notice] 1#1: start worker process 22
2022/11/08 06:37:51 [notice] 1#1: start worker process 23
2022/11/08 06:37:51 [notice] 1#1: start worker process 24
2022/11/08 06:37:51 [notice] 1#1: start worker process 25
2022/11/08 06:37:51 [notice] 1#1: start worker process 26
2022/11/08 06:37:51 [notice] 1#1: start worker process 27
2022/11/08 06:37:51 [notice] 1#1: start worker process 28
2022/11/08 06:37:51 [notice] 1#1: start worker process 29
2022/11/08 06:37:51 [notice] 1#1: start worker process 30
2022/11/08 06:37:51 [notice] 1#1: start worker process 31
2022/11/08 06:37:51 [notice] 1#1: start worker process 32
2022/11/08 06:37:51 [notice] 1#1: start worker process 33
2022/11/08 06:38:04 [notice] 1#1: signal 3 (SIGQUIT) received, shutting down
2022/11/08 06:38:04 [notice] 22#22: gracefully shutting down
2022/11/08 06:38:04 [notice] 23#23: gracefully shutting down
2022/11/08 06:38:04 [notice] 22#22: exiting
2022/11/08 06:38:04 [notice] 28#28: gracefully shutting down
2022/11/08 06:38:04 [notice] 27#27: gracefully shutting down
2022/11/08 06:38:04 [notice] 24#24: gracefully shutting down
2022/11/08 06:38:04 [notice] 32#32: gracefully shutting down
2022/11/08 06:38:04 [notice] 30#30: gracefully shutting down
2022/11/08 06:38:04 [notice] 25#25: gracefully shutting down
2022/11/08 06:38:04 [notice] 26#26: gracefully shutting down
2022/11/08 06:38:04 [notice] 31#31: gracefully shutting down
2022/11/08 06:38:04 [notice] 33#33: gracefully shutting down
2022/11/08 06:38:04 [notice] 23#23: exiting
2022/11/08 06:38:04 [notice] 28#28: exiting
2022/11/08 06:38:04 [notice] 27#27: exiting
2022/11/08 06:38:04 [notice] 24#24: exiting
2022/11/08 06:38:04 [notice] 32#32: exiting
2022/11/08 06:38:04 [notice] 22#22: exit
2022/11/08 06:38:04 [notice] 30#30: exiting
2022/11/08 06:38:04 [notice] 25#25: exiting
2022/11/08 06:38:04 [notice] 26#26: exiting
2022/11/08 06:38:04 [notice] 31#31: exiting
2022/11/08 06:38:04 [notice] 33#33: exiting
2022/11/08 06:38:04 [notice] 28#28: exit
2022/11/08 06:38:04 [notice] 29#29: gracefully shutting down
2022/11/08 06:38:04 [notice] 23#23: exit
2022/11/08 06:38:04 [notice] 27#27: exit
2022/11/08 06:38:04 [notice] 24#24: exit
2022/11/08 06:38:04 [notice] 32#32: exit
2022/11/08 06:38:04 [notice] 26#26: exit
2022/11/08 06:38:04 [notice] 30#30: exit
2022/11/08 06:38:04 [notice] 25#25: exit
2022/11/08 06:38:04 [notice] 33#33: exit
2022/11/08 06:38:04 [notice] 31#31: exit
2022/11/08 06:38:04 [notice] 29#29: exiting
2022/11/08 06:38:04 [notice] 29#29: exit
2022/11/08 06:38:04 [notice] 1#1: signal 17 (SIGCHLD) received from 26
2022/11/08 06:38:04 [notice] 1#1: worker process 26 exited with code 0
2022/11/08 06:38:04 [notice] 1#1: worker process 30 exited with code 0
2022/11/08 06:38:04 [notice] 1#1: signal 29 (SIGIO) received
2022/11/08 06:38:04 [notice] 1#1: signal 17 (SIGCHLD) received from 23
2022/11/08 06:38:04 [notice] 1#1: worker process 23 exited with code 0
2022/11/08 06:38:04 [notice] 1#1: worker process 24 exited with code 0
2022/11/08 06:38:04 [notice] 1#1: worker process 32 exited with code 0
2022/11/08 06:38:04 [notice] 1#1: signal 29 (SIGIO) received
2022/11/08 06:38:04 [notice] 1#1: signal 17 (SIGCHLD) received from 33
2022/11/08 06:38:04 [notice] 1#1: worker process 33 exited with code 0
2022/11/08 06:38:04 [notice] 1#1: signal 29 (SIGIO) received
2022/11/08 06:38:04 [notice] 1#1: signal 17 (SIGCHLD) received from 29
2022/11/08 06:38:04 [notice] 1#1: worker process 29 exited with code 0
2022/11/08 06:38:04 [notice] 1#1: signal 29 (SIGIO) received
2022/11/08 06:38:04 [notice] 1#1: signal 17 (SIGCHLD) received from 31
2022/11/08 06:38:04 [notice] 1#1: worker process 31 exited with code 0
2022/11/08 06:38:04 [notice] 1#1: signal 29 (SIGIO) received
2022/11/08 06:38:04 [notice] 1#1: signal 17 (SIGCHLD) received from 25
2022/11/08 06:38:04 [notice] 1#1: worker process 25 exited with code 0
2022/11/08 06:38:04 [notice] 1#1: signal 29 (SIGIO) received
2022/11/08 06:38:04 [notice] 1#1: signal 17 (SIGCHLD) received from 27
2022/11/08 06:38:04 [notice] 1#1: worker process 27 exited with code 0
2022/11/08 06:38:04 [notice] 1#1: signal 29 (SIGIO) received
2022/11/08 06:38:04 [notice] 1#1: signal 17 (SIGCHLD) received from 22
2022/11/08 06:38:04 [notice] 1#1: worker process 22 exited with code 0
2022/11/08 06:38:04 [notice] 1#1: signal 29 (SIGIO) received
2022/11/08 06:38:04 [notice] 1#1: signal 17 (SIGCHLD) received from 28
2022/11/08 06:38:04 [notice] 1#1: worker process 28 exited with code 0
2022/11/08 06:38:04 [notice] 1#1: exit
2022/11/08 06:52:18 [notice] 1#1: using the "epoll" event method
2022/11/08 06:52:18 [notice] 1#1: nginx/1.23.1
2022/11/08 06:52:18 [notice] 1#1: built by gcc 10.2.1 20210110 (Debian 10.2.1-6) 
2022/11/08 06:52:18 [notice] 1#1: OS: Linux 5.15.0-52-generic
2022/11/08 06:52:18 [notice] 1#1: getrlimit(RLIMIT_NOFILE): 1048576:1048576
2022/11/08 06:52:18 [notice] 1#1: start worker processes
2022/11/08 06:52:18 [notice] 1#1: start worker process 22
2022/11/08 06:52:18 [notice] 1#1: start worker process 23
2022/11/08 06:52:18 [notice] 1#1: start worker process 24
2022/11/08 06:52:18 [notice] 1#1: start worker process 25
2022/11/08 06:52:18 [notice] 1#1: start worker process 26
2022/11/08 06:52:18 [notice] 1#1: start worker process 27
2022/11/08 06:52:18 [notice] 1#1: start worker process 28
2022/11/08 06:52:18 [notice] 1#1: start worker process 29
2022/11/08 06:52:18 [notice] 1#1: start worker process 30
2022/11/08 06:52:18 [notice] 1#1: start worker process 31
2022/11/08 06:52:18 [notice] 1#1: start worker process 32
2022/11/08 06:52:18 [notice] 1#1: start worker process 33
2022/11/08 06:54:40 [notice] 1#1: signal 3 (SIGQUIT) received, shutting down
2022/11/08 06:54:40 [notice] 23#23: gracefully shutting down
2022/11/08 06:54:40 [notice] 23#23: exiting
2022/11/08 06:54:40 [notice] 23#23: exit
2022/11/08 06:54:40 [notice] 22#22: gracefully shutting down
2022/11/08 06:54:40 [notice] 22#22: exiting
2022/11/08 06:54:40 [notice] 22#22: exit
2022/11/08 06:54:40 [notice] 24#24: gracefully shutting down
2022/11/08 06:54:40 [notice] 25#25: gracefully shutting down
2022/11/08 06:54:40 [notice] 24#24: exiting
2022/11/08 06:54:40 [notice] 25#25: exiting
2022/11/08 06:54:40 [notice] 24#24: exit
2022/11/08 06:54:40 [notice] 25#25: exit
2022/11/08 06:54:40 [notice] 26#26: gracefully shutting down
2022/11/08 06:54:40 [notice] 26#26: exiting
2022/11/08 06:54:40 [notice] 26#26: exit
2022/11/08 06:54:40 [notice] 27#27: gracefully shutting down
2022/11/08 06:54:40 [notice] 28#28: gracefully shutting down
2022/11/08 06:54:40 [notice] 29#29: gracefully shutting down
2022/11/08 06:54:40 [notice] 27#27: exiting
2022/11/08 06:54:40 [notice] 30#30: gracefully shutting down
2022/11/08 06:54:40 [notice] 28#28: exiting
2022/11/08 06:54:40 [notice] 29#29: exiting
2022/11/08 06:54:40 [notice] 31#31: gracefully shutting down
2022/11/08 06:54:40 [notice] 32#32: gracefully shutting down
2022/11/08 06:54:40 [notice] 33#33: gracefully shutting down
2022/11/08 06:54:40 [notice] 30#30: exiting
2022/11/08 06:54:40 [notice] 27#27: exit
2022/11/08 06:54:40 [notice] 31#31: exiting
2022/11/08 06:54:40 [notice] 28#28: exit
2022/11/08 06:54:40 [notice] 32#32: exiting
2022/11/08 06:54:40 [notice] 33#33: exiting
2022/11/08 06:54:40 [notice] 29#29: exit
2022/11/08 06:54:40 [notice] 30#30: exit
2022/11/08 06:54:40 [notice] 31#31: exit
2022/11/08 06:54:40 [notice] 33#33: exit
2022/11/08 06:54:40 [notice] 32#32: exit
2022/11/08 06:54:40 [notice] 1#1: signal 17 (SIGCHLD) received from 27
2022/11/08 06:54:40 [notice] 1#1: worker process 27 exited with code 0
2022/11/08 06:54:40 [notice] 1#1: worker process 30 exited with code 0
2022/11/08 06:54:40 [notice] 1#1: signal 29 (SIGIO) received
2022/11/08 06:54:40 [notice] 1#1: signal 17 (SIGCHLD) received from 30
2022/11/08 06:54:40 [notice] 1#1: signal 17 (SIGCHLD) received from 28
2022/11/08 06:54:40 [notice] 1#1: worker process 28 exited with code 0
2022/11/08 06:54:40 [notice] 1#1: signal 29 (SIGIO) received
2022/11/08 06:54:40 [notice] 1#1: signal 17 (SIGCHLD) received from 33
2022/11/08 06:54:40 [notice] 1#1: worker process 24 exited with code 0
2022/11/08 06:54:40 [notice] 1#1: worker process 33 exited with code 0
2022/11/08 06:54:40 [notice] 1#1: signal 29 (SIGIO) received
2022/11/08 06:54:40 [notice] 1#1: signal 17 (SIGCHLD) received from 22
2022/11/08 06:54:40 [notice] 1#1: worker process 22 exited with code 0
2022/11/08 06:54:40 [notice] 1#1: worker process 25 exited with code 0
2022/11/08 06:54:40 [notice] 1#1: signal 29 (SIGIO) received
2022/11/08 06:54:40 [notice] 1#1: signal 17 (SIGCHLD) received from 25
2022/11/08 06:54:40 [notice] 1#1: signal 17 (SIGCHLD) received from 32
2022/11/08 06:54:40 [notice] 1#1: worker process 32 exited with code 0
2022/11/08 06:54:40 [notice] 1#1: signal 29 (SIGIO) received
2022/11/08 06:54:40 [notice] 1#1: signal 17 (SIGCHLD) received from 29
2022/11/08 06:54:40 [notice] 1#1: worker process 29 exited with code 0
2022/11/08 06:54:40 [notice] 1#1: signal 29 (SIGIO) received
2022/11/08 06:54:40 [notice] 1#1: signal 17 (SIGCHLD) received from 23
2022/11/08 06:54:40 [notice] 1#1: worker process 23 exited with code 0
2022/11/08 06:54:40 [notice] 1#1: signal 29 (SIGIO) received
2022/11/08 06:54:40 [notice] 1#1: signal 17 (SIGCHLD) received from 26
2022/11/08 06:54:40 [notice] 1#1: worker process 26 exited with code 0
2022/11/08 06:54:40 [notice] 1#1: signal 29 (SIGIO) received
2022/11/08 06:54:40 [notice] 1#1: signal 17 (SIGCHLD) received from 31
2022/11/08 06:54:40 [notice] 1#1: worker process 31 exited with code 0
2022/11/08 06:54:40 [notice] 1#1: exit
2022/11/08 06:54:50 [notice] 1#1: using the "epoll" event method
2022/11/08 06:54:50 [notice] 1#1: nginx/1.23.1
2022/11/08 06:54:50 [notice] 1#1: built by gcc 10.2.1 20210110 (Debian 10.2.1-6) 
2022/11/08 06:54:50 [notice] 1#1: OS: Linux 5.15.0-52-generic
2022/11/08 06:54:50 [notice] 1#1: getrlimit(RLIMIT_NOFILE): 1048576:1048576
2022/11/08 06:54:50 [notice] 1#1: start worker processes
2022/11/08 06:54:50 [notice] 1#1: start worker process 22
2022/11/08 06:54:50 [notice] 1#1: start worker process 23
2022/11/08 06:54:50 [notice] 1#1: start worker process 24
2022/11/08 06:54:50 [notice] 1#1: start worker process 25
2022/11/08 06:54:50 [notice] 1#1: start worker process 26
2022/11/08 06:54:50 [notice] 1#1: start worker process 27
2022/11/08 06:54:50 [notice] 1#1: start worker process 28
2022/11/08 06:54:50 [notice] 1#1: start worker process 29
2022/11/08 06:54:50 [notice] 1#1: start worker process 30
2022/11/08 06:54:50 [notice] 1#1: start worker process 31
2022/11/08 06:54:50 [notice] 1#1: start worker process 32
2022/11/08 06:54:50 [notice] 1#1: start worker process 33
2022/11/08 06:56:09 [notice] 1#1: signal 3 (SIGQUIT) received, shutting down
2022/11/08 06:56:09 [notice] 23#23: gracefully shutting down
2022/11/08 06:56:09 [notice] 22#22: gracefully shutting down
2022/11/08 06:56:09 [notice] 25#25: gracefully shutting down
2022/11/08 06:56:09 [notice] 23#23: exiting
2022/11/08 06:56:09 [notice] 28#28: gracefully shutting down
2022/11/08 06:56:09 [notice] 24#24: gracefully shutting down
2022/11/08 06:56:09 [notice] 31#31: gracefully shutting down
2022/11/08 06:56:09 [notice] 22#22: exiting
2022/11/08 06:56:09 [notice] 25#25: exiting
2022/11/08 06:56:09 [notice] 29#29: gracefully shutting down
2022/11/08 06:56:09 [notice] 28#28: exiting
2022/11/08 06:56:09 [notice] 26#26: gracefully shutting down
2022/11/08 06:56:09 [notice] 30#30: gracefully shutting down
2022/11/08 06:56:09 [notice] 27#27: gracefully shutting down
2022/11/08 06:56:09 [notice] 24#24: exiting
2022/11/08 06:56:09 [notice] 32#32: gracefully shutting down
2022/11/08 06:56:09 [notice] 23#23: exit
2022/11/08 06:56:09 [notice] 31#31: exiting
2022/11/08 06:56:09 [notice] 25#25: exit
2022/11/08 06:56:09 [notice] 22#22: exit
2022/11/08 06:56:09 [notice] 26#26: exiting
2022/11/08 06:56:09 [notice] 29#29: exiting
2022/11/08 06:56:09 [notice] 28#28: exit
2022/11/08 06:56:09 [notice] 30#30: exiting
2022/11/08 06:56:09 [notice] 27#27: exiting
2022/11/08 06:56:09 [notice] 32#32: exiting
2022/11/08 06:56:09 [notice] 24#24: exit
2022/11/08 06:56:09 [notice] 31#31: exit
2022/11/08 06:56:09 [notice] 26#26: exit
2022/11/08 06:56:09 [notice] 29#29: exit
2022/11/08 06:56:09 [notice] 32#32: exit
2022/11/08 06:56:09 [notice] 27#27: exit
2022/11/08 06:56:09 [notice] 30#30: exit
2022/11/08 06:56:09 [notice] 33#33: gracefully shutting down
2022/11/08 06:56:09 [notice] 33#33: exiting
2022/11/08 06:56:09 [notice] 33#33: exit
2022/11/08 06:56:09 [notice] 1#1: signal 17 (SIGCHLD) received from 25
2022/11/08 06:56:09 [notice] 1#1: worker process 25 exited with code 0
2022/11/08 06:56:09 [notice] 1#1: worker process 33 exited with code 0
2022/11/08 06:56:09 [notice] 1#1: signal 29 (SIGIO) received
2022/11/08 06:56:09 [notice] 1#1: signal 17 (SIGCHLD) received from 27
2022/11/08 06:56:09 [notice] 1#1: worker process 27 exited with code 0
2022/11/08 06:56:09 [notice] 1#1: signal 29 (SIGIO) received
2022/11/08 06:56:09 [notice] 1#1: signal 17 (SIGCHLD) received from 26
2022/11/08 06:56:09 [notice] 1#1: worker process 26 exited with code 0
2022/11/08 06:56:09 [notice] 1#1: signal 29 (SIGIO) received
2022/11/08 06:56:09 [notice] 1#1: signal 17 (SIGCHLD) received from 24
2022/11/08 06:56:09 [notice] 1#1: worker process 24 exited with code 0
2022/11/08 06:56:09 [notice] 1#1: signal 29 (SIGIO) received
2022/11/08 06:56:09 [notice] 1#1: signal 17 (SIGCHLD) received from 30
2022/11/08 06:56:09 [notice] 1#1: worker process 30 exited with code 0
2022/11/08 06:56:09 [notice] 1#1: signal 29 (SIGIO) received
2022/11/08 06:56:09 [notice] 1#1: signal 17 (SIGCHLD) received from 23
2022/11/08 06:56:09 [notice] 1#1: worker process 22 exited with code 0
2022/11/08 06:56:09 [notice] 1#1: worker process 23 exited with code 0
2022/11/08 06:56:09 [notice] 1#1: worker process 31 exited with code 0
2022/11/08 06:56:09 [notice] 1#1: signal 29 (SIGIO) received
2022/11/08 06:56:09 [notice] 1#1: signal 17 (SIGCHLD) received from 32
2022/11/08 06:56:09 [notice] 1#1: worker process 32 exited with code 0
2022/11/08 06:56:09 [notice] 1#1: signal 29 (SIGIO) received
2022/11/08 06:56:09 [notice] 1#1: signal 17 (SIGCHLD) received from 28
2022/11/08 06:56:09 [notice] 1#1: worker process 28 exited with code 0
2022/11/08 06:56:09 [notice] 1#1: signal 17 (SIGCHLD) received from 29
2022/11/08 06:56:09 [notice] 1#1: worker process 29 exited with code 0
2022/11/08 06:56:09 [notice] 1#1: exit
2022/11/08 06:56:18 [notice] 1#1: using the "epoll" event method
2022/11/08 06:56:18 [notice] 1#1: nginx/1.23.1
2022/11/08 06:56:18 [notice] 1#1: built by gcc 10.2.1 20210110 (Debian 10.2.1-6) 
2022/11/08 06:56:18 [notice] 1#1: OS: Linux 5.15.0-52-generic
2022/11/08 06:56:18 [notice] 1#1: getrlimit(RLIMIT_NOFILE): 1048576:1048576
2022/11/08 06:56:18 [notice] 1#1: start worker processes
2022/11/08 06:56:18 [notice] 1#1: start worker process 22
2022/11/08 06:56:18 [notice] 1#1: start worker process 23
2022/11/08 06:56:18 [notice] 1#1: start worker process 24
2022/11/08 06:56:18 [notice] 1#1: start worker process 25
2022/11/08 06:56:18 [notice] 1#1: start worker process 26
2022/11/08 06:56:18 [notice] 1#1: start worker process 27
2022/11/08 06:56:18 [notice] 1#1: start worker process 28
2022/11/08 06:56:18 [notice] 1#1: start worker process 29
2022/11/08 06:56:18 [notice] 1#1: start worker process 30
2022/11/08 06:56:18 [notice] 1#1: start worker process 31
2022/11/08 06:56:18 [notice] 1#1: start worker process 32
2022/11/08 06:56:18 [notice] 1#1: start worker process 33
2022/11/08 07:02:09 [notice] 1#1: signal 3 (SIGQUIT) received, shutting down
2022/11/08 07:02:09 [notice] 22#22: gracefully shutting down
2022/11/08 07:02:09 [notice] 24#24: gracefully shutting down
2022/11/08 07:02:09 [notice] 23#23: gracefully shutting down
2022/11/08 07:02:09 [notice] 26#26: gracefully shutting down
2022/11/08 07:02:09 [notice] 22#22: exiting
2022/11/08 07:02:09 [notice] 24#24: exiting
2022/11/08 07:02:09 [notice] 29#29: gracefully shutting down
2022/11/08 07:02:09 [notice] 23#23: exiting
2022/11/08 07:02:09 [notice] 30#30: gracefully shutting down
2022/11/08 07:02:09 [notice] 26#26: exiting
2022/11/08 07:02:09 [notice] 25#25: gracefully shutting down
2022/11/08 07:02:09 [notice] 28#28: gracefully shutting down
2022/11/08 07:02:09 [notice] 29#29: exiting
2022/11/08 07:02:09 [notice] 27#27: gracefully shutting down
2022/11/08 07:02:09 [notice] 31#31: gracefully shutting down
2022/11/08 07:02:09 [notice] 32#32: gracefully shutting down
2022/11/08 07:02:09 [notice] 30#30: exiting
2022/11/08 07:02:09 [notice] 22#22: exit
2022/11/08 07:02:09 [notice] 24#24: exit
2022/11/08 07:02:09 [notice] 23#23: exit
2022/11/08 07:02:09 [notice] 26#26: exit
2022/11/08 07:02:09 [notice] 25#25: exiting
2022/11/08 07:02:09 [notice] 28#28: exiting
2022/11/08 07:02:09 [notice] 29#29: exit
2022/11/08 07:02:09 [notice] 27#27: exiting
2022/11/08 07:02:09 [notice] 32#32: exiting
2022/11/08 07:02:09 [notice] 31#31: exiting
2022/11/08 07:02:09 [notice] 30#30: exit
2022/11/08 07:02:09 [notice] 25#25: exit
2022/11/08 07:02:09 [notice] 28#28: exit
2022/11/08 07:02:09 [notice] 32#32: exit
2022/11/08 07:02:09 [notice] 31#31: exit
2022/11/08 07:02:09 [notice] 27#27: exit
2022/11/08 07:02:09 [notice] 33#33: gracefully shutting down
2022/11/08 07:02:09 [notice] 33#33: exiting
2022/11/08 07:02:09 [notice] 33#33: exit
2022/11/08 07:02:09 [notice] 1#1: signal 17 (SIGCHLD) received from 24
2022/11/08 07:02:09 [notice] 1#1: worker process 24 exited with code 0
2022/11/08 07:02:09 [notice] 1#1: signal 29 (SIGIO) received
2022/11/08 07:02:09 [notice] 1#1: signal 17 (SIGCHLD) received from 32
2022/11/08 07:02:09 [notice] 1#1: worker process 32 exited with code 0
2022/11/08 07:02:09 [notice] 1#1: signal 29 (SIGIO) received
2022/11/08 07:02:09 [notice] 1#1: signal 17 (SIGCHLD) received from 27
2022/11/08 07:02:09 [notice] 1#1: worker process 27 exited with code 0
2022/11/08 07:02:09 [notice] 1#1: signal 29 (SIGIO) received
2022/11/08 07:02:09 [notice] 1#1: signal 17 (SIGCHLD) received from 25
2022/11/08 07:02:09 [notice] 1#1: worker process 22 exited with code 0
2022/11/08 07:02:09 [notice] 1#1: worker process 25 exited with code 0
2022/11/08 07:02:09 [notice] 1#1: worker process 29 exited with code 0
2022/11/08 07:02:09 [notice] 1#1: signal 29 (SIGIO) received
2022/11/08 07:02:09 [notice] 1#1: signal 17 (SIGCHLD) received from 23
2022/11/08 07:02:09 [notice] 1#1: worker process 23 exited with code 0
2022/11/08 07:02:09 [notice] 1#1: signal 29 (SIGIO) received
2022/11/08 07:02:09 [notice] 1#1: signal 17 (SIGCHLD) received from 26
2022/11/08 07:02:09 [notice] 1#1: worker process 26 exited with code 0
2022/11/08 07:02:09 [notice] 1#1: worker process 28 exited with code 0
2022/11/08 07:02:09 [notice] 1#1: worker process 33 exited with code 0
2022/11/08 07:02:09 [notice] 1#1: signal 29 (SIGIO) received
2022/11/08 07:02:09 [notice] 1#1: signal 17 (SIGCHLD) received from 28
2022/11/08 07:02:09 [notice] 1#1: signal 17 (SIGCHLD) received from 30
2022/11/08 07:02:09 [notice] 1#1: worker process 30 exited with code 0
2022/11/08 07:02:09 [notice] 1#1: signal 29 (SIGIO) received
2022/11/08 07:02:09 [notice] 1#1: signal 17 (SIGCHLD) received from 31
2022/11/08 07:02:09 [notice] 1#1: worker process 31 exited with code 0
2022/11/08 07:02:09 [notice] 1#1: exit
